[ 2016-03-22T08:51:30+08:00 ] ::1 /li/
INFO: [ app_init ] --START--
INFO: Run Behavior\BuildLiteBehavior [ RunTime:0.000000s ]
INFO: [ app_init ] --END-- [ RunTime:0.025001s ]
INFO: [ app_begin ] --START--
INFO: Run Behavior\ReadHtmlCacheBehavior [ RunTime:0.002500s ]
INFO: [ app_begin ] --END-- [ RunTime:0.002500s ]
SQL: SHOW COLUMNS FROM `blog_fenlei` [ RunTime:0.0400s ]
SQL: SELECT * FROM `blog_fenlei` WHERE ( fid = 0 )  [ RunTime:0.0000s ]
SQL: SELECT * FROM `blog_fenlei` WHERE ( fid != 0 )  [ RunTime:0.0025s ]
SQL: SHOW COLUMNS FROM `blog_site` [ RunTime:0.0150s ]
SQL: SELECT * FROM `blog_site` WHERE `id` = 1 LIMIT 1   [ RunTime:0.0025s ]
SQL: SHOW COLUMNS FROM `blog_email_set` [ RunTime:0.0675s ]
SQL: SELECT * FROM `blog_email_set` WHERE `id` = 1 LIMIT 1   [ RunTime:0.0025s ]
SQL: SHOW COLUMNS FROM `blog_article` [ RunTime:0.0250s ]
SQL: SELECT COUNT(*) AS tp_count FROM `blog_article` WHERE ( status = 0 ) LIMIT 1   [ RunTime:0.0000s ]
SQL: SELECT * FROM `blog_article` WHERE ( status = 0 ) ORDER BY id desc LIMIT 0,10   [ RunTime:0.0025s ]
SQL: SHOW COLUMNS FROM `blog_user` [ RunTime:0.0150s ]
SQL: SELECT * FROM `blog_user` WHERE ( 1=1 AND id='1' ) LIMIT 1   [ RunTime:0.0525s ]
SQL: SHOW COLUMNS FROM `blog_fenlei` [ RunTime:0.0100s ]
SQL: SELECT * FROM `blog_fenlei` WHERE ( 1=1 AND id='8' ) LIMIT 1   [ RunTime:0.0025s ]
SQL: SELECT * FROM `blog_user` WHERE ( 1=1 AND id='1' ) LIMIT 1   [ RunTime:0.0025s ]
SQL: SELECT * FROM `blog_fenlei` WHERE ( 1=1 AND id='2' ) LIMIT 1   [ RunTime:0.0000s ]
SQL: SELECT * FROM `blog_user` WHERE ( 1=1 AND id='1' ) LIMIT 1   [ RunTime:0.0000s ]
SQL: SELECT * FROM `blog_fenlei` WHERE ( 1=1 AND id='2' ) LIMIT 1   [ RunTime:0.0000s ]
SQL: SELECT * FROM `blog_user` WHERE ( 1=1 AND id='1' ) LIMIT 1   [ RunTime:0.0000s ]
SQL: SELECT * FROM `blog_fenlei` WHERE ( 1=1 AND id='2' ) LIMIT 1   [ RunTime:0.0000s ]
SQL: SELECT * FROM `blog_user` WHERE ( 1=1 AND id='1' ) LIMIT 1   [ RunTime:0.0000s ]
SQL: SELECT * FROM `blog_fenlei` WHERE ( 1=1 AND id='12' ) LIMIT 1   [ RunTime:0.0025s ]
SQL: SELECT * FROM `blog_user` WHERE ( 1=1 AND id='1' ) LIMIT 1   [ RunTime:0.0025s ]
SQL: SELECT * FROM `blog_fenlei` WHERE ( 1=1 AND id='12' ) LIMIT 1   [ RunTime:0.0025s ]
SQL: SHOW COLUMNS FROM `blog_slides` [ RunTime:0.0125s ]
SQL: SELECT * FROM `blog_slides` ORDER BY id desc  [ RunTime:0.0000s ]
INFO: [ view_parse ] --START--
INFO: [ template_filter ] --START--
INFO: Run Behavior\ContentReplaceBehavior [ RunTime:0.000000s ]
INFO: [ template_filter ] --END-- [ RunTime:0.000000s ]
NOTIC: [8] Undefined index: muser E:\wamp\www\li\Application\Runtime\Cache\Home\2a94b8bda04ff446dcedd42276fc99ee.php 第 75 行.
INFO: Run Behavior\ParseTemplateBehavior [ RunTime:0.155002s ]
INFO: [ view_parse ] --END-- [ RunTime:0.155002s ]
INFO: [ view_filter ] --START--
INFO: Run Behavior\WriteHtmlCacheBehavior [ RunTime:0.000000s ]
INFO: [ view_filter ] --END-- [ RunTime:0.000000s ]
INFO: [ app_end ] --START--
INFO: Run Behavior\ShowPageTraceBehavior [ RunTime:0.040001s ]
INFO: [ app_end ] --END-- [ RunTime:0.040001s ]

[ 2016-03-22T08:55:48+08:00 ] ::1 /li/index.php/Home/Message
INFO: [ app_init ] --START--
INFO: Run Behavior\BuildLiteBehavior [ RunTime:0.000000s ]
INFO: [ app_init ] --END-- [ RunTime:0.002500s ]
INFO: [ app_begin ] --START--
INFO: Run Behavior\ReadHtmlCacheBehavior [ RunTime:0.000000s ]
INFO: [ app_begin ] --END-- [ RunTime:0.002500s ]
SQL: SHOW COLUMNS FROM `blog_fenlei` [ RunTime:0.0075s ]
SQL: SELECT * FROM `blog_fenlei` WHERE ( fid = 0 )  [ RunTime:0.0000s ]
SQL: SELECT * FROM `blog_fenlei` WHERE ( fid != 0 )  [ RunTime:0.0000s ]
SQL: SHOW COLUMNS FROM `blog_site` [ RunTime:0.0100s ]
SQL: SELECT * FROM `blog_site` WHERE `id` = 1 LIMIT 1   [ RunTime:0.0025s ]
SQL: SHOW COLUMNS FROM `blog_email_set` [ RunTime:0.0050s ]
SQL: SELECT * FROM `blog_email_set` WHERE `id` = 1 LIMIT 1   [ RunTime:0.0000s ]
SQL: SHOW COLUMNS FROM `blog_liuyan` [ RunTime:0.0475s ]
SQL: SELECT COUNT(*) AS tp_count FROM `blog_liuyan` LIMIT 1   [ RunTime:0.0000s ]
SQL: SELECT * FROM `blog_liuyan` ORDER BY id desc LIMIT 0,20   [ RunTime:0.0000s ]
INFO: [ view_parse ] --START--
INFO: [ template_filter ] --START--
INFO: Run Behavior\ContentReplaceBehavior [ RunTime:0.000000s ]
INFO: [ template_filter ] --END-- [ RunTime:0.000000s ]
NOTIC: [8] Undefined index: muser E:\wamp\www\li\Application\Runtime\Cache\Home\455a6242d1c94ccc41106a388080363b.php 第 75 行.
INFO: Run Behavior\ParseTemplateBehavior [ RunTime:0.060001s ]
INFO: [ view_parse ] --END-- [ RunTime:0.060001s ]
INFO: [ view_filter ] --START--
INFO: Run Behavior\WriteHtmlCacheBehavior [ RunTime:0.000000s ]
INFO: [ view_filter ] --END-- [ RunTime:0.000000s ]
INFO: [ app_end ] --START--
INFO: Run Behavior\ShowPageTraceBehavior [ RunTime:0.002500s ]
INFO: [ app_end ] --END-- [ RunTime:0.002500s ]

[ 2016-03-22T09:03:56+08:00 ] ::1 /li/index.php/Home/Message
INFO: [ app_init ] --START--
INFO: Run Behavior\BuildLiteBehavior [ RunTime:0.000000s ]
INFO: [ app_init ] --END-- [ RunTime:0.000000s ]
INFO: [ app_begin ] --START--
INFO: Run Behavior\ReadHtmlCacheBehavior [ RunTime:0.002500s ]
INFO: [ app_begin ] --END-- [ RunTime:0.002500s ]
SQL: SHOW COLUMNS FROM `blog_fenlei` [ RunTime:0.0075s ]
SQL: SELECT * FROM `blog_fenlei` WHERE ( fid = 0 )  [ RunTime:0.0000s ]
SQL: SELECT * FROM `blog_fenlei` WHERE ( fid != 0 )  [ RunTime:0.0000s ]
SQL: SHOW COLUMNS FROM `blog_site` [ RunTime:0.0025s ]
SQL: SELECT * FROM `blog_site` WHERE `id` = 1 LIMIT 1   [ RunTime:0.0000s ]
SQL: SHOW COLUMNS FROM `blog_email_set` [ RunTime:0.0025s ]
SQL: SELECT * FROM `blog_email_set` WHERE `id` = 1 LIMIT 1   [ RunTime:0.0000s ]
SQL: SHOW COLUMNS FROM `blog_liuyan` [ RunTime:0.0050s ]
SQL: SELECT COUNT(*) AS tp_count FROM `blog_liuyan` LIMIT 1   [ RunTime:0.0000s ]
SQL: SELECT * FROM `blog_liuyan` ORDER BY id desc LIMIT 0,20   [ RunTime:0.0025s ]
INFO: [ view_parse ] --START--
INFO: [ template_filter ] --START--
INFO: Run Behavior\ContentReplaceBehavior [ RunTime:0.000000s ]
INFO: [ template_filter ] --END-- [ RunTime:0.000000s ]
NOTIC: [8] Undefined index: muser E:\wamp\www\li\Application\Runtime\Cache\Home\455a6242d1c94ccc41106a388080363b.php 第 75 行.
INFO: Run Behavior\ParseTemplateBehavior [ RunTime:0.020000s ]
INFO: [ view_parse ] --END-- [ RunTime:0.020000s ]
INFO: [ view_filter ] --START--
INFO: Run Behavior\WriteHtmlCacheBehavior [ RunTime:0.000000s ]
INFO: [ view_filter ] --END-- [ RunTime:0.000000s ]
INFO: [ app_end ] --START--
INFO: Run Behavior\ShowPageTraceBehavior [ RunTime:0.002500s ]
INFO: [ app_end ] --END-- [ RunTime:0.002500s ]

[ 2016-03-22T09:03:58+08:00 ] ::1 /li/index.php/Home/Userlist
INFO: [ app_init ] --START--
INFO: Run Behavior\BuildLiteBehavior [ RunTime:0.000000s ]
INFO: [ app_init ] --END-- [ RunTime:0.000000s ]
INFO: [ app_begin ] --START--
INFO: Run Behavior\ReadHtmlCacheBehavior [ RunTime:0.000000s ]
INFO: [ app_begin ] --END-- [ RunTime:0.000000s ]
SQL: SHOW COLUMNS FROM `blog_fenlei` [ RunTime:0.0050s ]
SQL: SELECT * FROM `blog_fenlei` WHERE ( fid = 0 )  [ RunTime:0.0000s ]
SQL: SELECT * FROM `blog_fenlei` WHERE ( fid != 0 )  [ RunTime:0.0000s ]
SQL: SHOW COLUMNS FROM `blog_site` [ RunTime:0.0050s ]
SQL: SELECT * FROM `blog_site` WHERE `id` = 1 LIMIT 1   [ RunTime:0.0025s ]
SQL: SHOW COLUMNS FROM `blog_email_set` [ RunTime:0.0025s ]
SQL: SELECT * FROM `blog_email_set` WHERE `id` = 1 LIMIT 1   [ RunTime:0.0000s ]
SQL: SHOW COLUMNS FROM `blog_user` [ RunTime:0.0025s ]
SQL: SELECT * FROM `blog_user` ORDER BY id desc  [ RunTime:0.0025s ]
SQL: SHOW COLUMNS FROM `blog_userinfo` [ RunTime:0.0450s ]
SQL: SELECT * FROM `blog_userinfo` WHERE ( 1=1 AND uid='12' ) LIMIT 1   [ RunTime:0.0025s ]
SQL: SELECT * FROM `blog_userinfo` WHERE ( 1=1 AND uid='11' ) LIMIT 1   [ RunTime:0.0000s ]
SQL: SELECT * FROM `blog_userinfo` WHERE ( 1=1 AND uid='10' ) LIMIT 1   [ RunTime:0.0000s ]
SQL: SELECT * FROM `blog_userinfo` WHERE ( 1=1 AND uid='9' ) LIMIT 1   [ RunTime:0.0000s ]
SQL: SELECT * FROM `blog_userinfo` WHERE ( 1=1 AND uid='8' ) LIMIT 1   [ RunTime:0.0000s ]
SQL: SELECT * FROM `blog_userinfo` WHERE ( 1=1 AND uid='7' ) LIMIT 1   [ RunTime:0.0000s ]
SQL: SELECT * FROM `blog_userinfo` WHERE ( 1=1 AND uid='6' ) LIMIT 1   [ RunTime:0.0000s ]
SQL: SELECT * FROM `blog_userinfo` WHERE ( 1=1 AND uid='5' ) LIMIT 1   [ RunTime:0.0000s ]
SQL: SELECT * FROM `blog_userinfo` WHERE ( 1=1 AND uid='4' ) LIMIT 1   [ RunTime:0.0000s ]
SQL: SELECT * FROM `blog_userinfo` WHERE ( 1=1 AND uid='3' ) LIMIT 1   [ RunTime:0.0000s ]
SQL: SELECT * FROM `blog_userinfo` WHERE ( 1=1 AND uid='2' ) LIMIT 1   [ RunTime:0.0000s ]
SQL: SELECT * FROM `blog_userinfo` WHERE ( 1=1 AND uid='1' ) LIMIT 1   [ RunTime:0.0025s ]
INFO: [ view_parse ] --START--
INFO: [ template_filter ] --START--
INFO: Run Behavior\ContentReplaceBehavior [ RunTime:0.002500s ]
INFO: [ template_filter ] --END-- [ RunTime:0.002500s ]
NOTIC: [8] Undefined index: muser E:\wamp\www\li\Application\Runtime\Cache\Home\f808b929cb57ce811835c1f04183cde7.php 第 75 行.
INFO: Run Behavior\ParseTemplateBehavior [ RunTime:0.077501s ]
INFO: [ view_parse ] --END-- [ RunTime:0.077501s ]
INFO: [ view_filter ] --START--
INFO: Run Behavior\WriteHtmlCacheBehavior [ RunTime:0.000000s ]
INFO: [ view_filter ] --END-- [ RunTime:0.000000s ]
INFO: [ app_end ] --START--
INFO: Run Behavior\ShowPageTraceBehavior [ RunTime:0.000000s ]
INFO: [ app_end ] --END-- [ RunTime:0.000000s ]

[ 2016-03-22T09:23:28+08:00 ] ::1 /li/index.php/Home/Message
INFO: [ app_init ] --START--
INFO: Run Behavior\BuildLiteBehavior [ RunTime:0.000000s ]
INFO: [ app_init ] --END-- [ RunTime:0.002500s ]
INFO: [ app_begin ] --START--
INFO: Run Behavior\ReadHtmlCacheBehavior [ RunTime:0.000000s ]
INFO: [ app_begin ] --END-- [ RunTime:0.002500s ]
SQL: SHOW COLUMNS FROM `blog_fenlei` [ RunTime:0.0075s ]
SQL: SELECT * FROM `blog_fenlei` WHERE ( fid = 0 )  [ RunTime:0.0000s ]
SQL: SELECT * FROM `blog_fenlei` WHERE ( fid != 0 )  [ RunTime:0.0000s ]
SQL: SHOW COLUMNS FROM `blog_site` [ RunTime:0.0050s ]
SQL: SELECT * FROM `blog_site` WHERE `id` = 1 LIMIT 1   [ RunTime:0.0000s ]
SQL: SHOW COLUMNS FROM `blog_email_set` [ RunTime:0.0075s ]
SQL: SELECT * FROM `blog_email_set` WHERE `id` = 1 LIMIT 1   [ RunTime:0.0000s ]
SQL: SHOW COLUMNS FROM `blog_liuyan` [ RunTime:0.0075s ]
SQL: SELECT COUNT(*) AS tp_count FROM `blog_liuyan` LIMIT 1   [ RunTime:0.0000s ]
SQL: SELECT * FROM `blog_liuyan` ORDER BY id desc LIMIT 0,20   [ RunTime:0.0025s ]
INFO: [ view_parse ] --START--
INFO: [ template_filter ] --START--
INFO: Run Behavior\ContentReplaceBehavior [ RunTime:0.000000s ]
INFO: [ template_filter ] --END-- [ RunTime:0.000000s ]
NOTIC: [8] Undefined index: muser E:\wamp\www\li\Application\Runtime\Cache\Home\455a6242d1c94ccc41106a388080363b.php 第 75 行.
INFO: Run Behavior\ParseTemplateBehavior [ RunTime:0.035001s ]
INFO: [ view_parse ] --END-- [ RunTime:0.037501s ]
INFO: [ view_filter ] --START--
INFO: Run Behavior\WriteHtmlCacheBehavior [ RunTime:0.000000s ]
INFO: [ view_filter ] --END-- [ RunTime:0.000000s ]
INFO: [ app_end ] --START--
INFO: Run Behavior\ShowPageTraceBehavior [ RunTime:0.000000s ]
INFO: [ app_end ] --END-- [ RunTime:0.000000s ]

[ 2016-03-22T09:23:29+08:00 ] ::1 /li/index.php/Home/Userlist
INFO: [ app_init ] --START--
INFO: Run Behavior\BuildLiteBehavior [ RunTime:0.000000s ]
INFO: [ app_init ] --END-- [ RunTime:0.002500s ]
INFO: [ app_begin ] --START--
INFO: Run Behavior\ReadHtmlCacheBehavior [ RunTime:0.002500s ]
INFO: [ app_begin ] --END-- [ RunTime:0.002500s ]
SQL: SHOW COLUMNS FROM `blog_fenlei` [ RunTime:0.0050s ]
SQL: SELECT * FROM `blog_fenlei` WHERE ( fid = 0 )  [ RunTime:0.0000s ]
SQL: SELECT * FROM `blog_fenlei` WHERE ( fid != 0 )  [ RunTime:0.0000s ]
SQL: SHOW COLUMNS FROM `blog_site` [ RunTime:0.0050s ]
SQL: SELECT * FROM `blog_site` WHERE `id` = 1 LIMIT 1   [ RunTime:0.0000s ]
SQL: SHOW COLUMNS FROM `blog_email_set` [ RunTime:0.0075s ]
SQL: SELECT * FROM `blog_email_set` WHERE `id` = 1 LIMIT 1   [ RunTime:0.0000s ]
SQL: SHOW COLUMNS FROM `blog_user` [ RunTime:0.0050s ]
SQL: SELECT * FROM `blog_user` ORDER BY id desc  [ RunTime:0.0025s ]
SQL: SHOW COLUMNS FROM `blog_userinfo` [ RunTime:0.0075s ]
SQL: SELECT * FROM `blog_userinfo` WHERE ( 1=1 AND uid='12' ) LIMIT 1   [ RunTime:0.0025s ]
SQL: SELECT * FROM `blog_userinfo` WHERE ( 1=1 AND uid='11' ) LIMIT 1   [ RunTime:0.0000s ]
SQL: SELECT * FROM `blog_userinfo` WHERE ( 1=1 AND uid='10' ) LIMIT 1   [ RunTime:0.0000s ]
SQL: SELECT * FROM `blog_userinfo` WHERE ( 1=1 AND uid='9' ) LIMIT 1   [ RunTime:0.0000s ]
SQL: SELECT * FROM `blog_userinfo` WHERE ( 1=1 AND uid='8' ) LIMIT 1   [ RunTime:0.0000s ]
SQL: SELECT * FROM `blog_userinfo` WHERE ( 1=1 AND uid='7' ) LIMIT 1   [ RunTime:0.0025s ]
SQL: SELECT * FROM `blog_userinfo` WHERE ( 1=1 AND uid='6' ) LIMIT 1   [ RunTime:0.0000s ]
SQL: SELECT * FROM `blog_userinfo` WHERE ( 1=1 AND uid='5' ) LIMIT 1   [ RunTime:0.0000s ]
SQL: SELECT * FROM `blog_userinfo` WHERE ( 1=1 AND uid='4' ) LIMIT 1   [ RunTime:0.0025s ]
SQL: SELECT * FROM `blog_userinfo` WHERE ( 1=1 AND uid='3' ) LIMIT 1   [ RunTime:0.0000s ]
SQL: SELECT * FROM `blog_userinfo` WHERE ( 1=1 AND uid='2' ) LIMIT 1   [ RunTime:0.0000s ]
SQL: SELECT * FROM `blog_userinfo` WHERE ( 1=1 AND uid='1' ) LIMIT 1   [ RunTime:0.0025s ]
INFO: [ view_parse ] --START--
INFO: [ template_filter ] --START--
INFO: Run Behavior\ContentReplaceBehavior [ RunTime:0.002500s ]
INFO: [ template_filter ] --END-- [ RunTime:0.002500s ]
NOTIC: [8] Undefined index: muser E:\wamp\www\li\Application\Runtime\Cache\Home\f808b929cb57ce811835c1f04183cde7.php 第 75 行.
INFO: Run Behavior\ParseTemplateBehavior [ RunTime:0.100001s ]
INFO: [ view_parse ] --END-- [ RunTime:0.102501s ]
INFO: [ view_filter ] --START--
INFO: Run Behavior\WriteHtmlCacheBehavior [ RunTime:0.000000s ]
INFO: [ view_filter ] --END-- [ RunTime:0.000000s ]
INFO: [ app_end ] --START--
INFO: Run Behavior\ShowPageTraceBehavior [ RunTime:0.002500s ]
INFO: [ app_end ] --END-- [ RunTime:0.005001s ]

[ 2016-03-22T09:59:14+08:00 ] ::1 /li/index.php/Home/Message
INFO: [ app_init ] --START--
INFO: Run Behavior\BuildLiteBehavior [ RunTime:0.000000s ]
INFO: [ app_init ] --END-- [ RunTime:0.002500s ]
INFO: [ app_begin ] --START--
INFO: Run Behavior\ReadHtmlCacheBehavior [ RunTime:0.000000s ]
INFO: [ app_begin ] --END-- [ RunTime:0.000000s ]
SQL: SHOW COLUMNS FROM `blog_fenlei` [ RunTime:0.0050s ]
SQL: SELECT * FROM `blog_fenlei` WHERE ( fid = 0 )  [ RunTime:0.0000s ]
SQL: SELECT * FROM `blog_fenlei` WHERE ( fid != 0 )  [ RunTime:0.0000s ]
SQL: SHOW COLUMNS FROM `blog_site` [ RunTime:0.0025s ]
SQL: SELECT * FROM `blog_site` WHERE `id` = 1 LIMIT 1   [ RunTime:0.0025s ]
SQL: SHOW COLUMNS FROM `blog_email_set` [ RunTime:0.0025s ]
SQL: SELECT * FROM `blog_email_set` WHERE `id` = 1 LIMIT 1   [ RunTime:0.0000s ]
SQL: SHOW COLUMNS FROM `blog_liuyan` [ RunTime:0.0050s ]
SQL: SELECT COUNT(*) AS tp_count FROM `blog_liuyan` LIMIT 1   [ RunTime:0.0000s ]
SQL: SELECT * FROM `blog_liuyan` ORDER BY id desc LIMIT 0,20   [ RunTime:0.0000s ]
INFO: [ view_parse ] --START--
INFO: [ template_filter ] --START--
INFO: Run Behavior\ContentReplaceBehavior [ RunTime:0.000000s ]
INFO: [ template_filter ] --END-- [ RunTime:0.000000s ]
NOTIC: [8] Undefined index: muser E:\wamp\www\li\Application\Runtime\Cache\Home\455a6242d1c94ccc41106a388080363b.php 第 75 行.
INFO: Run Behavior\ParseTemplateBehavior [ RunTime:0.020000s ]
INFO: [ view_parse ] --END-- [ RunTime:0.020000s ]
INFO: [ view_filter ] --START--
INFO: Run Behavior\WriteHtmlCacheBehavior [ RunTime:0.002500s ]
INFO: [ view_filter ] --END-- [ RunTime:0.002500s ]
INFO: [ app_end ] --START--
INFO: Run Behavior\ShowPageTraceBehavior [ RunTime:0.000000s ]
INFO: [ app_end ] --END-- [ RunTime:0.002500s ]

[ 2016-03-22T09:59:20+08:00 ] ::1 /li/index.php/Home/Userlist
INFO: [ app_init ] --START--
INFO: Run Behavior\BuildLiteBehavior [ RunTime:0.000000s ]
INFO: [ app_init ] --END-- [ RunTime:0.000000s ]
INFO: [ app_begin ] --START--
INFO: Run Behavior\ReadHtmlCacheBehavior [ RunTime:0.000000s ]
INFO: [ app_begin ] --END-- [ RunTime:0.000000s ]
SQL: SHOW COLUMNS FROM `blog_fenlei` [ RunTime:0.0050s ]
SQL: SELECT * FROM `blog_fenlei` WHERE ( fid = 0 )  [ RunTime:0.0000s ]
SQL: SELECT * FROM `blog_fenlei` WHERE ( fid != 0 )  [ RunTime:0.0000s ]
SQL: SHOW COLUMNS FROM `blog_site` [ RunTime:0.0050s ]
SQL: SELECT * FROM `blog_site` WHERE `id` = 1 LIMIT 1   [ RunTime:0.0025s ]
SQL: SHOW COLUMNS FROM `blog_email_set` [ RunTime:0.0025s ]
SQL: SELECT * FROM `blog_email_set` WHERE `id` = 1 LIMIT 1   [ RunTime:0.0025s ]
SQL: SHOW COLUMNS FROM `blog_user` [ RunTime:0.0050s ]
SQL: SELECT * FROM `blog_user` ORDER BY id desc  [ RunTime:0.0000s ]
SQL: SHOW COLUMNS FROM `blog_userinfo` [ RunTime:0.0025s ]
SQL: SELECT * FROM `blog_userinfo` WHERE ( 1=1 AND uid='12' ) LIMIT 1   [ RunTime:0.0000s ]
SQL: SELECT * FROM `blog_userinfo` WHERE ( 1=1 AND uid='11' ) LIMIT 1   [ RunTime:0.0000s ]
SQL: SELECT * FROM `blog_userinfo` WHERE ( 1=1 AND uid='10' ) LIMIT 1   [ RunTime:0.0025s ]
SQL: SELECT * FROM `blog_userinfo` WHERE ( 1=1 AND uid='9' ) LIMIT 1   [ RunTime:0.0025s ]
SQL: SELECT * FROM `blog_userinfo` WHERE ( 1=1 AND uid='8' ) LIMIT 1   [ RunTime:0.0025s ]
SQL: SELECT * FROM `blog_userinfo` WHERE ( 1=1 AND uid='7' ) LIMIT 1   [ RunTime:0.0000s ]
SQL: SELECT * FROM `blog_userinfo` WHERE ( 1=1 AND uid='6' ) LIMIT 1   [ RunTime:0.0025s ]
SQL: SELECT * FROM `blog_userinfo` WHERE ( 1=1 AND uid='5' ) LIMIT 1   [ RunTime:0.0000s ]
SQL: SELECT * FROM `blog_userinfo` WHERE ( 1=1 AND uid='4' ) LIMIT 1   [ RunTime:0.0000s ]
SQL: SELECT * FROM `blog_userinfo` WHERE ( 1=1 AND uid='3' ) LIMIT 1   [ RunTime:0.0025s ]
SQL: SELECT * FROM `blog_userinfo` WHERE ( 1=1 AND uid='2' ) LIMIT 1   [ RunTime:0.0000s ]
SQL: SELECT * FROM `blog_userinfo` WHERE ( 1=1 AND uid='1' ) LIMIT 1   [ RunTime:0.0000s ]
INFO: [ view_parse ] --START--
INFO: [ template_filter ] --START--
INFO: Run Behavior\ContentReplaceBehavior [ RunTime:0.000000s ]
INFO: [ template_filter ] --END-- [ RunTime:0.000000s ]
NOTIC: [8] Undefined index: muser E:\wamp\www\li\Application\Runtime\Cache\Home\f808b929cb57ce811835c1f04183cde7.php 第 75 行.
INFO: Run Behavior\ParseTemplateBehavior [ RunTime:0.027501s ]
INFO: [ view_parse ] --END-- [ RunTime:0.027501s ]
INFO: [ view_filter ] --START--
INFO: Run Behavior\WriteHtmlCacheBehavior [ RunTime:0.002500s ]
INFO: [ view_filter ] --END-- [ RunTime:0.002500s ]
INFO: [ app_end ] --START--
INFO: Run Behavior\ShowPageTraceBehavior [ RunTime:0.000000s ]
INFO: [ app_end ] --END-- [ RunTime:0.000000s ]

[ 2016-03-22T09:59:24+08:00 ] ::1 /li/index.php/Home/Index/yaoqingma
INFO: [ app_init ] --START--
INFO: Run Behavior\BuildLiteBehavior [ RunTime:0.000000s ]
INFO: [ app_init ] --END-- [ RunTime:0.002500s ]
INFO: [ app_begin ] --START--
INFO: Run Behavior\ReadHtmlCacheBehavior [ RunTime:0.002500s ]
INFO: [ app_begin ] --END-- [ RunTime:0.002500s ]
SQL: SHOW COLUMNS FROM `blog_fenlei` [ RunTime:0.0050s ]
SQL: SELECT * FROM `blog_fenlei` WHERE ( fid = 0 )  [ RunTime:0.0000s ]
SQL: SELECT * FROM `blog_fenlei` WHERE ( fid != 0 )  [ RunTime:0.0025s ]
SQL: SHOW COLUMNS FROM `blog_site` [ RunTime:0.0050s ]
SQL: SELECT * FROM `blog_site` WHERE `id` = 1 LIMIT 1   [ RunTime:0.0000s ]
SQL: SHOW COLUMNS FROM `blog_email_set` [ RunTime:0.0075s ]
SQL: SELECT * FROM `blog_email_set` WHERE `id` = 1 LIMIT 1   [ RunTime:0.0000s ]
SQL: SHOW COLUMNS FROM `blog_friendlink` [ RunTime:0.0325s ]
SQL: SELECT * FROM `blog_friendlink` ORDER BY id desc  [ RunTime:0.0025s ]
INFO: [ view_parse ] --START--
INFO: [ template_filter ] --START--
INFO: Run Behavior\ContentReplaceBehavior [ RunTime:0.000000s ]
INFO: [ template_filter ] --END-- [ RunTime:0.000000s ]
NOTIC: [8] Undefined index: muser E:\wamp\www\li\Application\Runtime\Cache\Home\8dead8e5acdf5a4721335cb0e435a886.php 第 75 行.
INFO: Run Behavior\ParseTemplateBehavior [ RunTime:0.117502s ]
INFO: [ view_parse ] --END-- [ RunTime:0.120002s ]
INFO: [ view_filter ] --START--
INFO: Run Behavior\WriteHtmlCacheBehavior [ RunTime:0.002500s ]
INFO: [ view_filter ] --END-- [ RunTime:0.002500s ]
INFO: [ app_end ] --START--
INFO: Run Behavior\ShowPageTraceBehavior [ RunTime:0.007500s ]
INFO: [ app_end ] --END-- [ RunTime:0.007500s ]

[ 2016-03-22T09:59:35+08:00 ] ::1 /li/index.php/Home/Message
INFO: [ app_init ] --START--
INFO: Run Behavior\BuildLiteBehavior [ RunTime:0.000000s ]
INFO: [ app_init ] --END-- [ RunTime:0.000000s ]
INFO: [ app_begin ] --START--
INFO: Run Behavior\ReadHtmlCacheBehavior [ RunTime:0.002500s ]
INFO: [ app_begin ] --END-- [ RunTime:0.002500s ]
SQL: SHOW COLUMNS FROM `blog_fenlei` [ RunTime:0.0050s ]
SQL: SELECT * FROM `blog_fenlei` WHERE ( fid = 0 )  [ RunTime:0.0000s ]
SQL: SELECT * FROM `blog_fenlei` WHERE ( fid != 0 )  [ RunTime:0.0025s ]
SQL: SHOW COLUMNS FROM `blog_site` [ RunTime:0.0100s ]
SQL: SELECT * FROM `blog_site` WHERE `id` = 1 LIMIT 1   [ RunTime:0.0000s ]
SQL: SHOW COLUMNS FROM `blog_email_set` [ RunTime:0.0050s ]
SQL: SELECT * FROM `blog_email_set` WHERE `id` = 1 LIMIT 1   [ RunTime:0.0000s ]
SQL: SHOW COLUMNS FROM `blog_liuyan` [ RunTime:0.0100s ]
SQL: SELECT COUNT(*) AS tp_count FROM `blog_liuyan` LIMIT 1   [ RunTime:0.0000s ]
SQL: SELECT * FROM `blog_liuyan` ORDER BY id desc LIMIT 0,20   [ RunTime:0.0025s ]
INFO: [ view_parse ] --START--
INFO: [ template_filter ] --START--
INFO: Run Behavior\ContentReplaceBehavior [ RunTime:0.000000s ]
INFO: [ template_filter ] --END-- [ RunTime:0.000000s ]
NOTIC: [8] Undefined index: muser E:\wamp\www\li\Application\Runtime\Cache\Home\455a6242d1c94ccc41106a388080363b.php 第 75 行.
INFO: Run Behavior\ParseTemplateBehavior [ RunTime:0.040001s ]
INFO: [ view_parse ] --END-- [ RunTime:0.040001s ]
INFO: [ view_filter ] --START--
INFO: Run Behavior\WriteHtmlCacheBehavior [ RunTime:0.002500s ]
INFO: [ view_filter ] --END-- [ RunTime:0.002500s ]
INFO: [ app_end ] --START--
INFO: Run Behavior\ShowPageTraceBehavior [ RunTime:0.002500s ]
INFO: [ app_end ] --END-- [ RunTime:0.002500s ]

[ 2016-03-22T11:09:18+08:00 ] ::1 /li/index.php/Home/Fenlei/index/id/2
INFO: [ app_init ] --START--
INFO: Run Behavior\BuildLiteBehavior [ RunTime:0.000000s ]
INFO: [ app_init ] --END-- [ RunTime:0.001000s ]
INFO: [ app_begin ] --START--
INFO: Run Behavior\ReadHtmlCacheBehavior [ RunTime:0.001000s ]
INFO: [ app_begin ] --END-- [ RunTime:0.002000s ]
SQL: SHOW COLUMNS FROM `blog_fenlei` [ RunTime:0.0060s ]
SQL: SELECT * FROM `blog_fenlei` WHERE ( fid = 0 )  [ RunTime:0.0000s ]
SQL: SELECT * FROM `blog_fenlei` WHERE ( fid != 0 )  [ RunTime:0.0000s ]
SQL: SHOW COLUMNS FROM `blog_site` [ RunTime:0.0050s ]
SQL: SELECT * FROM `blog_site` WHERE `id` = 1 LIMIT 1   [ RunTime:0.0010s ]
SQL: SHOW COLUMNS FROM `blog_email_set` [ RunTime:0.0060s ]
SQL: SELECT * FROM `blog_email_set` WHERE `id` = 1 LIMIT 1   [ RunTime:0.0000s ]
SQL: SELECT * FROM `blog_fenlei` WHERE ( id =2 ) LIMIT 1   [ RunTime:0.0010s ]
SQL: SHOW COLUMNS FROM `blog_article` [ RunTime:0.0060s ]
SQL: SELECT COUNT(*) AS tp_count FROM `blog_article` WHERE ( fid = '2' AND status = 0 ) LIMIT 1   [ RunTime:0.0010s ]
SQL: SELECT * FROM `blog_article` WHERE ( fid = '2' AND status = 0 ) ORDER BY id desc LIMIT 0,10   [ RunTime:0.0020s ]
SQL: SHOW COLUMNS FROM `blog_user` [ RunTime:0.0040s ]
SQL: SELECT * FROM `blog_user` WHERE ( 1=1 AND id='1' ) LIMIT 1   [ RunTime:0.0010s ]
SQL: SHOW COLUMNS FROM `blog_fenlei` [ RunTime:0.0050s ]
SQL: SELECT * FROM `blog_fenlei` WHERE ( 1=1 AND id='2' ) LIMIT 1   [ RunTime:0.0010s ]
SQL: SELECT * FROM `blog_user` WHERE ( 1=1 AND id='1' ) LIMIT 1   [ RunTime:0.0000s ]
SQL: SELECT * FROM `blog_fenlei` WHERE ( 1=1 AND id='2' ) LIMIT 1   [ RunTime:0.0000s ]
SQL: SELECT * FROM `blog_user` WHERE ( 1=1 AND id='1' ) LIMIT 1   [ RunTime:0.0000s ]
SQL: SELECT * FROM `blog_fenlei` WHERE ( 1=1 AND id='2' ) LIMIT 1   [ RunTime:0.0000s ]
INFO: [ view_parse ] --START--
INFO: [ template_filter ] --START--
INFO: Run Behavior\ContentReplaceBehavior [ RunTime:0.001000s ]
INFO: [ template_filter ] --END-- [ RunTime:0.001000s ]
NOTIC: [8] Undefined index: muser E:\wamp\www\li\Application\Runtime\Cache\Home\88a28a0c9cdfdb281546378ac54f6f0d.php 第 75 行.
INFO: Run Behavior\ParseTemplateBehavior [ RunTime:0.076005s ]
INFO: [ view_parse ] --END-- [ RunTime:0.076005s ]
INFO: [ view_filter ] --START--
INFO: Run Behavior\WriteHtmlCacheBehavior [ RunTime:0.001000s ]
INFO: [ view_filter ] --END-- [ RunTime:0.001000s ]
INFO: [ app_end ] --START--
INFO: Run Behavior\ShowPageTraceBehavior [ RunTime:0.001000s ]
INFO: [ app_end ] --END-- [ RunTime:0.001000s ]

[ 2016-03-22T11:37:21+08:00 ] ::1 /li/index.php/Home/Article/index/id/15
INFO: [ app_init ] --START--
INFO: Run Behavior\BuildLiteBehavior [ RunTime:0.000000s ]
INFO: [ app_init ] --END-- [ RunTime:0.001000s ]
INFO: [ app_begin ] --START--
INFO: Run Behavior\ReadHtmlCacheBehavior [ RunTime:0.003001s ]
INFO: [ app_begin ] --END-- [ RunTime:0.003001s ]
SQL: SHOW COLUMNS FROM `blog_fenlei` [ RunTime:0.0060s ]
SQL: SELECT * FROM `blog_fenlei` WHERE ( fid = 0 )  [ RunTime:0.0010s ]
SQL: SELECT * FROM `blog_fenlei` WHERE ( fid != 0 )  [ RunTime:0.0010s ]
SQL: SHOW COLUMNS FROM `blog_site` [ RunTime:0.0060s ]
SQL: SELECT * FROM `blog_site` WHERE `id` = 1 LIMIT 1   [ RunTime:0.0000s ]
SQL: SHOW COLUMNS FROM `blog_email_set` [ RunTime:0.0070s ]
SQL: SELECT * FROM `blog_email_set` WHERE `id` = 1 LIMIT 1   [ RunTime:0.0000s ]
SQL: SHOW COLUMNS FROM `blog_article` [ RunTime:0.0070s ]
SQL: SELECT * FROM `blog_article` WHERE ( id = 15 ) LIMIT 1   [ RunTime:0.0020s ]
SQL: SHOW COLUMNS FROM `blog_user` [ RunTime:0.0050s ]
SQL: UPDATE `blog_article` SET `view`=view+1 WHERE ( id = 15 ) [ RunTime:0.0010s ]
SQL: SELECT * FROM `blog_user` WHERE ( id = 1 ) LIMIT 1   [ RunTime:0.0010s ]
SQL: SHOW COLUMNS FROM `blog_userinfo` [ RunTime:0.0070s ]
SQL: SELECT * FROM `blog_userinfo` WHERE ( 1=1 AND uid='1' ) LIMIT 1   [ RunTime:0.0000s ]
SQL: SELECT * FROM `blog_fenlei` WHERE ( id = 2 ) LIMIT 1   [ RunTime:0.0000s ]
SQL: SELECT COUNT(*) AS tp_count FROM `blog_article` WHERE ( uid = 1 AND status = 0 ) LIMIT 1   [ RunTime:0.0000s ]
SQL: SELECT * FROM `blog_article` WHERE ( uid = 1 AND status = 0 ) ORDER BY id desc LIMIT 5   [ RunTime:0.0010s ]
INFO: [ view_parse ] --START--
INFO: [ template_filter ] --START--
INFO: Run Behavior\ContentReplaceBehavior [ RunTime:0.000000s ]
INFO: [ template_filter ] --END-- [ RunTime:0.000000s ]
NOTIC: [8] Undefined index: muser E:\wamp\www\li\Application\Runtime\Cache\Home\2ac6c1276904b87404ed678dbabb985c.php 第 75 行.
NOTIC: [8] Undefined index: mid E:\wamp\www\li\Application\Runtime\Cache\Home\2ac6c1276904b87404ed678dbabb985c.php 第 341 行.
NOTIC: [8] Undefined index: mid E:\wamp\www\li\Application\Runtime\Cache\Home\2ac6c1276904b87404ed678dbabb985c.php 第 347 行.
INFO: Run Behavior\ParseTemplateBehavior [ RunTime:0.050003s ]
INFO: [ view_parse ] --END-- [ RunTime:0.051003s ]
INFO: [ view_filter ] --START--
INFO: Run Behavior\WriteHtmlCacheBehavior [ RunTime:0.001000s ]
INFO: [ view_filter ] --END-- [ RunTime:0.002000s ]
INFO: [ app_end ] --START--
INFO: Run Behavior\ShowPageTraceBehavior [ RunTime:0.002000s ]
INFO: [ app_end ] --END-- [ RunTime:0.006000s ]

[ 2016-03-22T11:37:22+08:00 ] ::1 /li/index.php/Home/Article/getReplay
INFO: [ app_init ] --START--
INFO: Run Behavior\BuildLiteBehavior [ RunTime:0.000000s ]
INFO: [ app_init ] --END-- [ RunTime:0.000000s ]
INFO: [ app_begin ] --START--
INFO: Run Behavior\ReadHtmlCacheBehavior [ RunTime:0.000000s ]
INFO: [ app_begin ] --END-- [ RunTime:0.001000s ]
SQL: SHOW COLUMNS FROM `blog_fenlei` [ RunTime:0.0220s ]
SQL: SELECT * FROM `blog_fenlei` WHERE ( fid = 0 )  [ RunTime:0.0040s ]
SQL: SELECT * FROM `blog_fenlei` WHERE ( fid != 0 )  [ RunTime:0.0010s ]
SQL: SHOW COLUMNS FROM `blog_site` [ RunTime:0.0080s ]
SQL: SELECT * FROM `blog_site` WHERE `id` = 1 LIMIT 1   [ RunTime:0.0020s ]
SQL: SHOW COLUMNS FROM `blog_email_set` [ RunTime:0.0070s ]
SQL: SELECT * FROM `blog_email_set` WHERE `id` = 1 LIMIT 1   [ RunTime:0.0080s ]
SQL: SHOW COLUMNS FROM `blog_comment` [ RunTime:0.0410s ]
SQL: SELECT * FROM `blog_comment` WHERE ( aid = 15 ) LIMIT 0,10   [ RunTime:0.0010s ]

[ 2016-03-22T11:40:45+08:00 ] ::1 /li/index.php/Home/Article/index/id/15
INFO: [ app_init ] --START--
INFO: Run Behavior\BuildLiteBehavior [ RunTime:0.000000s ]
INFO: [ app_init ] --END-- [ RunTime:0.000000s ]
INFO: [ app_begin ] --START--
INFO: Run Behavior\ReadHtmlCacheBehavior [ RunTime:0.001000s ]
INFO: [ app_begin ] --END-- [ RunTime:0.001000s ]
SQL: SHOW COLUMNS FROM `blog_fenlei` [ RunTime:0.0080s ]
SQL: SELECT * FROM `blog_fenlei` WHERE ( fid = 0 )  [ RunTime:0.0010s ]
SQL: SELECT * FROM `blog_fenlei` WHERE ( fid != 0 )  [ RunTime:0.0030s ]
SQL: SHOW COLUMNS FROM `blog_site` [ RunTime:0.0080s ]
SQL: SELECT * FROM `blog_site` WHERE `id` = 1 LIMIT 1   [ RunTime:0.0000s ]
SQL: SHOW COLUMNS FROM `blog_email_set` [ RunTime:0.0050s ]
SQL: SELECT * FROM `blog_email_set` WHERE `id` = 1 LIMIT 1   [ RunTime:0.0010s ]
SQL: SHOW COLUMNS FROM `blog_article` [ RunTime:0.0060s ]
SQL: SELECT * FROM `blog_article` WHERE ( id = 15 ) LIMIT 1   [ RunTime:0.0020s ]
SQL: SHOW COLUMNS FROM `blog_user` [ RunTime:0.0050s ]
SQL: UPDATE `blog_article` SET `view`=view+1 WHERE ( id = 15 ) [ RunTime:0.0010s ]
SQL: SELECT * FROM `blog_user` WHERE ( id = 1 ) LIMIT 1   [ RunTime:0.0010s ]
SQL: SHOW COLUMNS FROM `blog_userinfo` [ RunTime:0.0060s ]
SQL: SELECT * FROM `blog_userinfo` WHERE ( 1=1 AND uid='1' ) LIMIT 1   [ RunTime:0.0010s ]
SQL: SELECT * FROM `blog_fenlei` WHERE ( id = 2 ) LIMIT 1   [ RunTime:0.0000s ]
SQL: SELECT COUNT(*) AS tp_count FROM `blog_article` WHERE ( uid = 1 AND status = 0 ) LIMIT 1   [ RunTime:0.0000s ]
SQL: SELECT * FROM `blog_article` WHERE ( uid = 1 AND status = 0 ) ORDER BY id desc LIMIT 5   [ RunTime:0.0010s ]
INFO: [ view_parse ] --START--
INFO: [ template_filter ] --START--
INFO: Run Behavior\ContentReplaceBehavior [ RunTime:0.001001s ]
INFO: [ template_filter ] --END-- [ RunTime:0.001001s ]
NOTIC: [8] Undefined index: muser E:\wamp\www\li\Application\Runtime\Cache\Home\2ac6c1276904b87404ed678dbabb985c.php 第 75 行.
NOTIC: [8] Undefined index: mid E:\wamp\www\li\Application\Runtime\Cache\Home\2ac6c1276904b87404ed678dbabb985c.php 第 341 行.
NOTIC: [8] Undefined index: mid E:\wamp\www\li\Application\Runtime\Cache\Home\2ac6c1276904b87404ed678dbabb985c.php 第 347 行.
INFO: Run Behavior\ParseTemplateBehavior [ RunTime:0.075005s ]
INFO: [ view_parse ] --END-- [ RunTime:0.076005s ]
INFO: [ view_filter ] --START--
INFO: Run Behavior\WriteHtmlCacheBehavior [ RunTime:0.001000s ]
INFO: [ view_filter ] --END-- [ RunTime:0.002000s ]
INFO: [ app_end ] --START--
INFO: Run Behavior\ShowPageTraceBehavior [ RunTime:0.002000s ]
INFO: [ app_end ] --END-- [ RunTime:0.002000s ]

[ 2016-03-22T11:40:45+08:00 ] ::1 /li/index.php/Home/Article/getReplay
INFO: [ app_init ] --START--
INFO: Run Behavior\BuildLiteBehavior [ RunTime:0.000000s ]
INFO: [ app_init ] --END-- [ RunTime:0.001000s ]
INFO: [ app_begin ] --START--
INFO: Run Behavior\ReadHtmlCacheBehavior [ RunTime:0.003001s ]
INFO: [ app_begin ] --END-- [ RunTime:0.004001s ]
SQL: SHOW COLUMNS FROM `blog_fenlei` [ RunTime:0.0080s ]
SQL: SELECT * FROM `blog_fenlei` WHERE ( fid = 0 )  [ RunTime:0.0000s ]
SQL: SELECT * FROM `blog_fenlei` WHERE ( fid != 0 )  [ RunTime:0.0000s ]
SQL: SHOW COLUMNS FROM `blog_site` [ RunTime:0.0070s ]
SQL: SELECT * FROM `blog_site` WHERE `id` = 1 LIMIT 1   [ RunTime:0.0010s ]
SQL: SHOW COLUMNS FROM `blog_email_set` [ RunTime:0.0070s ]
SQL: SELECT * FROM `blog_email_set` WHERE `id` = 1 LIMIT 1   [ RunTime:0.0010s ]
SQL: SHOW COLUMNS FROM `blog_comment` [ RunTime:0.0090s ]
SQL: SELECT * FROM `blog_comment` WHERE ( aid = 15 ) LIMIT 0,10   [ RunTime:0.0010s ]

[ 2016-03-22T12:04:04+08:00 ] ::1 /li/
INFO: [ app_init ] --START--
INFO: Run Behavior\BuildLiteBehavior [ RunTime:0.000000s ]
INFO: [ app_init ] --END-- [ RunTime:0.001000s ]
INFO: [ app_begin ] --START--
INFO: Run Behavior\ReadHtmlCacheBehavior [ RunTime:0.001000s ]
INFO: [ app_begin ] --END-- [ RunTime:0.001000s ]
SQL: SHOW COLUMNS FROM `blog_fenlei` [ RunTime:0.0050s ]
SQL: SELECT * FROM `blog_fenlei` WHERE ( fid = 0 )  [ RunTime:0.0000s ]
SQL: SELECT * FROM `blog_fenlei` WHERE ( fid != 0 )  [ RunTime:0.0000s ]
SQL: SHOW COLUMNS FROM `blog_site` [ RunTime:0.0050s ]
SQL: SELECT * FROM `blog_site` WHERE `id` = 1 LIMIT 1   [ RunTime:0.0000s ]
SQL: SHOW COLUMNS FROM `blog_email_set` [ RunTime:0.0050s ]
SQL: SELECT * FROM `blog_email_set` WHERE `id` = 1 LIMIT 1   [ RunTime:0.0010s ]
SQL: SHOW COLUMNS FROM `blog_article` [ RunTime:0.0060s ]
SQL: SELECT COUNT(*) AS tp_count FROM `blog_article` WHERE ( status = 0 ) LIMIT 1   [ RunTime:0.0010s ]
SQL: SELECT * FROM `blog_article` WHERE ( status = 0 ) ORDER BY id desc LIMIT 0,10   [ RunTime:0.0010s ]
SQL: SHOW COLUMNS FROM `blog_user` [ RunTime:0.0050s ]
SQL: SELECT * FROM `blog_user` WHERE ( 1=1 AND id='1' ) LIMIT 1   [ RunTime:0.0010s ]
SQL: SHOW COLUMNS FROM `blog_fenlei` [ RunTime:0.0050s ]
SQL: SELECT * FROM `blog_fenlei` WHERE ( 1=1 AND id='8' ) LIMIT 1   [ RunTime:0.0000s ]
SQL: SELECT * FROM `blog_user` WHERE ( 1=1 AND id='1' ) LIMIT 1   [ RunTime:0.0000s ]
SQL: SELECT * FROM `blog_fenlei` WHERE ( 1=1 AND id='2' ) LIMIT 1   [ RunTime:0.0000s ]
SQL: SELECT * FROM `blog_user` WHERE ( 1=1 AND id='1' ) LIMIT 1   [ RunTime:0.0000s ]
SQL: SELECT * FROM `blog_fenlei` WHERE ( 1=1 AND id='2' ) LIMIT 1   [ RunTime:0.0000s ]
SQL: SELECT * FROM `blog_user` WHERE ( 1=1 AND id='1' ) LIMIT 1   [ RunTime:0.0000s ]
SQL: SELECT * FROM `blog_fenlei` WHERE ( 1=1 AND id='2' ) LIMIT 1   [ RunTime:0.0010s ]
SQL: SELECT * FROM `blog_user` WHERE ( 1=1 AND id='1' ) LIMIT 1   [ RunTime:0.0000s ]
SQL: SELECT * FROM `blog_fenlei` WHERE ( 1=1 AND id='12' ) LIMIT 1   [ RunTime:0.0000s ]
SQL: SELECT * FROM `blog_user` WHERE ( 1=1 AND id='1' ) LIMIT 1   [ RunTime:0.0000s ]
SQL: SELECT * FROM `blog_fenlei` WHERE ( 1=1 AND id='12' ) LIMIT 1   [ RunTime:0.0010s ]
SQL: SHOW COLUMNS FROM `blog_slides` [ RunTime:0.0050s ]
SQL: SELECT * FROM `blog_slides` ORDER BY id desc  [ RunTime:0.0000s ]
INFO: [ view_parse ] --START--
INFO: [ template_filter ] --START--
INFO: Run Behavior\ContentReplaceBehavior [ RunTime:0.000000s ]
INFO: [ template_filter ] --END-- [ RunTime:0.000000s ]
NOTIC: [8] Undefined index: muser E:\wamp\www\li\Application\Runtime\Cache\Home\2a94b8bda04ff446dcedd42276fc99ee.php 第 75 行.
INFO: Run Behavior\ParseTemplateBehavior [ RunTime:0.071004s ]
INFO: [ view_parse ] --END-- [ RunTime:0.072004s ]
INFO: [ view_filter ] --START--
INFO: Run Behavior\WriteHtmlCacheBehavior [ RunTime:0.001000s ]
INFO: [ view_filter ] --END-- [ RunTime:0.002000s ]
INFO: [ app_end ] --START--
INFO: Run Behavior\ShowPageTraceBehavior [ RunTime:0.001000s ]
INFO: [ app_end ] --END-- [ RunTime:0.002000s ]

[ 2016-03-22T12:04:08+08:00 ] ::1 /li/
INFO: [ app_init ] --START--
INFO: Run Behavior\BuildLiteBehavior [ RunTime:0.000000s ]
INFO: [ app_init ] --END-- [ RunTime:0.002001s ]
INFO: [ app_begin ] --START--
INFO: Run Behavior\ReadHtmlCacheBehavior [ RunTime:0.001000s ]
INFO: [ app_begin ] --END-- [ RunTime:0.002000s ]
SQL: SHOW COLUMNS FROM `blog_fenlei` [ RunTime:0.0080s ]
SQL: SELECT * FROM `blog_fenlei` WHERE ( fid = 0 )  [ RunTime:0.0000s ]
SQL: SELECT * FROM `blog_fenlei` WHERE ( fid != 0 )  [ RunTime:0.0010s ]
SQL: SHOW COLUMNS FROM `blog_site` [ RunTime:0.0120s ]
SQL: SELECT * FROM `blog_site` WHERE `id` = 1 LIMIT 1   [ RunTime:0.0000s ]
SQL: SHOW COLUMNS FROM `blog_email_set` [ RunTime:0.0080s ]
SQL: SELECT * FROM `blog_email_set` WHERE `id` = 1 LIMIT 1   [ RunTime:0.0010s ]
SQL: SHOW COLUMNS FROM `blog_article` [ RunTime:0.0130s ]
SQL: SELECT COUNT(*) AS tp_count FROM `blog_article` WHERE ( status = 0 ) LIMIT 1   [ RunTime:0.0010s ]
SQL: SELECT * FROM `blog_article` WHERE ( status = 0 ) ORDER BY id desc LIMIT 0,10   [ RunTime:0.0010s ]
SQL: SHOW COLUMNS FROM `blog_user` [ RunTime:0.0080s ]
SQL: SELECT * FROM `blog_user` WHERE ( 1=1 AND id='1' ) LIMIT 1   [ RunTime:0.0010s ]
SQL: SHOW COLUMNS FROM `blog_fenlei` [ RunTime:0.0120s ]
SQL: SELECT * FROM `blog_fenlei` WHERE ( 1=1 AND id='8' ) LIMIT 1   [ RunTime:0.0010s ]
SQL: SELECT * FROM `blog_user` WHERE ( 1=1 AND id='1' ) LIMIT 1   [ RunTime:0.0010s ]
SQL: SELECT * FROM `blog_fenlei` WHERE ( 1=1 AND id='2' ) LIMIT 1   [ RunTime:0.0010s ]
SQL: SELECT * FROM `blog_user` WHERE ( 1=1 AND id='1' ) LIMIT 1   [ RunTime:0.0010s ]
SQL: SELECT * FROM `blog_fenlei` WHERE ( 1=1 AND id='2' ) LIMIT 1   [ RunTime:0.0010s ]
SQL: SELECT * FROM `blog_user` WHERE ( 1=1 AND id='1' ) LIMIT 1   [ RunTime:0.0010s ]
SQL: SELECT * FROM `blog_fenlei` WHERE ( 1=1 AND id='2' ) LIMIT 1   [ RunTime:0.0000s ]
SQL: SELECT * FROM `blog_user` WHERE ( 1=1 AND id='1' ) LIMIT 1   [ RunTime:0.0000s ]
SQL: SELECT * FROM `blog_fenlei` WHERE ( 1=1 AND id='12' ) LIMIT 1   [ RunTime:0.0030s ]
SQL: SELECT * FROM `blog_user` WHERE ( 1=1 AND id='1' ) LIMIT 1   [ RunTime:0.0000s ]
SQL: SELECT * FROM `blog_fenlei` WHERE ( 1=1 AND id='12' ) LIMIT 1   [ RunTime:0.0000s ]
SQL: SHOW COLUMNS FROM `blog_slides` [ RunTime:0.0080s ]
SQL: SELECT * FROM `blog_slides` ORDER BY id desc  [ RunTime:0.0000s ]
INFO: [ view_parse ] --START--
INFO: [ template_filter ] --START--
INFO: Run Behavior\ContentReplaceBehavior [ RunTime:0.000000s ]
INFO: [ template_filter ] --END-- [ RunTime:0.001000s ]
NOTIC: [8] Undefined index: muser E:\wamp\www\li\Application\Runtime\Cache\Home\2a94b8bda04ff446dcedd42276fc99ee.php 第 75 行.
INFO: Run Behavior\ParseTemplateBehavior [ RunTime:0.057004s ]
INFO: [ view_parse ] --END-- [ RunTime:0.058004s ]
INFO: [ view_filter ] --START--
INFO: Run Behavior\WriteHtmlCacheBehavior [ RunTime:0.000000s ]
INFO: [ view_filter ] --END-- [ RunTime:0.001000s ]
INFO: [ app_end ] --START--
INFO: Run Behavior\ShowPageTraceBehavior [ RunTime:0.005000s ]
INFO: [ app_end ] --END-- [ RunTime:0.005000s ]

[ 2016-03-22T12:13:25+08:00 ] ::1 /li/
INFO: [ app_init ] --START--
INFO: Run Behavior\BuildLiteBehavior [ RunTime:0.000000s ]
INFO: [ app_init ] --END-- [ RunTime:0.001000s ]
INFO: [ app_begin ] --START--
INFO: Run Behavior\ReadHtmlCacheBehavior [ RunTime:0.001000s ]
INFO: [ app_begin ] --END-- [ RunTime:0.002000s ]
SQL: SHOW COLUMNS FROM `blog_fenlei` [ RunTime:0.0060s ]
SQL: SELECT * FROM `blog_fenlei` WHERE ( fid = 0 )  [ RunTime:0.0020s ]
SQL: SELECT * FROM `blog_fenlei` WHERE ( fid != 0 )  [ RunTime:0.0010s ]
SQL: SHOW COLUMNS FROM `blog_site` [ RunTime:0.0050s ]
SQL: SELECT * FROM `blog_site` WHERE `id` = 1 LIMIT 1   [ RunTime:0.0010s ]
SQL: SHOW COLUMNS FROM `blog_email_set` [ RunTime:0.0060s ]
SQL: SELECT * FROM `blog_email_set` WHERE `id` = 1 LIMIT 1   [ RunTime:0.0000s ]
SQL: SHOW COLUMNS FROM `blog_article` [ RunTime:0.0070s ]
SQL: SELECT COUNT(*) AS tp_count FROM `blog_article` WHERE ( status = 0 ) LIMIT 1   [ RunTime:0.0000s ]
SQL: SELECT * FROM `blog_article` WHERE ( status = 0 ) ORDER BY id desc LIMIT 0,10   [ RunTime:0.0020s ]
SQL: SHOW COLUMNS FROM `blog_user` [ RunTime:0.0040s ]
SQL: SELECT * FROM `blog_user` WHERE ( 1=1 AND id='1' ) LIMIT 1   [ RunTime:0.0010s ]
SQL: SHOW COLUMNS FROM `blog_fenlei` [ RunTime:0.0050s ]
SQL: SELECT * FROM `blog_fenlei` WHERE ( 1=1 AND id='8' ) LIMIT 1   [ RunTime:0.0000s ]
SQL: SELECT * FROM `blog_user` WHERE ( 1=1 AND id='1' ) LIMIT 1   [ RunTime:0.0000s ]
SQL: SELECT * FROM `blog_fenlei` WHERE ( 1=1 AND id='2' ) LIMIT 1   [ RunTime:0.0000s ]
SQL: SELECT * FROM `blog_user` WHERE ( 1=1 AND id='1' ) LIMIT 1   [ RunTime:0.0000s ]
SQL: SELECT * FROM `blog_fenlei` WHERE ( 1=1 AND id='2' ) LIMIT 1   [ RunTime:0.0000s ]
SQL: SELECT * FROM `blog_user` WHERE ( 1=1 AND id='1' ) LIMIT 1   [ RunTime:0.0000s ]
SQL: SELECT * FROM `blog_fenlei` WHERE ( 1=1 AND id='2' ) LIMIT 1   [ RunTime:0.0000s ]
SQL: SELECT * FROM `blog_user` WHERE ( 1=1 AND id='1' ) LIMIT 1   [ RunTime:0.0010s ]
SQL: SELECT * FROM `blog_fenlei` WHERE ( 1=1 AND id='12' ) LIMIT 1   [ RunTime:0.0010s ]
SQL: SELECT * FROM `blog_user` WHERE ( 1=1 AND id='1' ) LIMIT 1   [ RunTime:0.0000s ]
SQL: SELECT * FROM `blog_fenlei` WHERE ( 1=1 AND id='12' ) LIMIT 1   [ RunTime:0.0000s ]
SQL: SHOW COLUMNS FROM `blog_slides` [ RunTime:0.0050s ]
SQL: SELECT * FROM `blog_slides` ORDER BY id desc  [ RunTime:0.0010s ]
ERR: 模板不存在:./Application/Home/View/Index/index.html

[ 2016-03-22T12:13:27+08:00 ] ::1 /li/
INFO: [ app_init ] --START--
INFO: Run Behavior\BuildLiteBehavior [ RunTime:0.000000s ]
INFO: [ app_init ] --END-- [ RunTime:0.001000s ]
INFO: [ app_begin ] --START--
INFO: Run Behavior\ReadHtmlCacheBehavior [ RunTime:0.001000s ]
INFO: [ app_begin ] --END-- [ RunTime:0.001000s ]
SQL: SHOW COLUMNS FROM `blog_fenlei` [ RunTime:0.0050s ]
SQL: SELECT * FROM `blog_fenlei` WHERE ( fid = 0 )  [ RunTime:0.0000s ]
SQL: SELECT * FROM `blog_fenlei` WHERE ( fid != 0 )  [ RunTime:0.0000s ]
SQL: SHOW COLUMNS FROM `blog_site` [ RunTime:0.0050s ]
SQL: SELECT * FROM `blog_site` WHERE `id` = 1 LIMIT 1   [ RunTime:0.0010s ]
SQL: SHOW COLUMNS FROM `blog_email_set` [ RunTime:0.0050s ]
SQL: SELECT * FROM `blog_email_set` WHERE `id` = 1 LIMIT 1   [ RunTime:0.0010s ]
SQL: SHOW COLUMNS FROM `blog_article` [ RunTime:0.0050s ]
SQL: SELECT COUNT(*) AS tp_count FROM `blog_article` WHERE ( status = 0 ) LIMIT 1   [ RunTime:0.0000s ]
SQL: SELECT * FROM `blog_article` WHERE ( status = 0 ) ORDER BY id desc LIMIT 0,10   [ RunTime:0.0010s ]
SQL: SHOW COLUMNS FROM `blog_user` [ RunTime:0.0050s ]
SQL: SELECT * FROM `blog_user` WHERE ( 1=1 AND id='1' ) LIMIT 1   [ RunTime:0.0000s ]
SQL: SHOW COLUMNS FROM `blog_fenlei` [ RunTime:0.0040s ]
SQL: SELECT * FROM `blog_fenlei` WHERE ( 1=1 AND id='8' ) LIMIT 1   [ RunTime:0.0010s ]
SQL: SELECT * FROM `blog_user` WHERE ( 1=1 AND id='1' ) LIMIT 1   [ RunTime:0.0000s ]
SQL: SELECT * FROM `blog_fenlei` WHERE ( 1=1 AND id='2' ) LIMIT 1   [ RunTime:0.0000s ]
SQL: SELECT * FROM `blog_user` WHERE ( 1=1 AND id='1' ) LIMIT 1   [ RunTime:0.0000s ]
SQL: SELECT * FROM `blog_fenlei` WHERE ( 1=1 AND id='2' ) LIMIT 1   [ RunTime:0.0000s ]
SQL: SELECT * FROM `blog_user` WHERE ( 1=1 AND id='1' ) LIMIT 1   [ RunTime:0.0000s ]
SQL: SELECT * FROM `blog_fenlei` WHERE ( 1=1 AND id='2' ) LIMIT 1   [ RunTime:0.0000s ]
SQL: SELECT * FROM `blog_user` WHERE ( 1=1 AND id='1' ) LIMIT 1   [ RunTime:0.0000s ]
SQL: SELECT * FROM `blog_fenlei` WHERE ( 1=1 AND id='12' ) LIMIT 1   [ RunTime:0.0000s ]
SQL: SELECT * FROM `blog_user` WHERE ( 1=1 AND id='1' ) LIMIT 1   [ RunTime:0.0010s ]
SQL: SELECT * FROM `blog_fenlei` WHERE ( 1=1 AND id='12' ) LIMIT 1   [ RunTime:0.0010s ]
SQL: SHOW COLUMNS FROM `blog_slides` [ RunTime:0.0050s ]
SQL: SELECT * FROM `blog_slides` ORDER BY id desc  [ RunTime:0.0010s ]
ERR: 模板不存在:./Application/Home/View/Index/index.html

[ 2016-03-22T12:13:28+08:00 ] ::1 /li/
INFO: [ app_init ] --START--
INFO: Run Behavior\BuildLiteBehavior [ RunTime:0.000000s ]
INFO: [ app_init ] --END-- [ RunTime:0.001000s ]
INFO: [ app_begin ] --START--
INFO: Run Behavior\ReadHtmlCacheBehavior [ RunTime:0.000000s ]
INFO: [ app_begin ] --END-- [ RunTime:0.001000s ]
SQL: SHOW COLUMNS FROM `blog_fenlei` [ RunTime:0.0060s ]
SQL: SELECT * FROM `blog_fenlei` WHERE ( fid = 0 )  [ RunTime:0.0000s ]
SQL: SELECT * FROM `blog_fenlei` WHERE ( fid != 0 )  [ RunTime:0.0010s ]
SQL: SHOW COLUMNS FROM `blog_site` [ RunTime:0.0050s ]
SQL: SELECT * FROM `blog_site` WHERE `id` = 1 LIMIT 1   [ RunTime:0.0000s ]
SQL: SHOW COLUMNS FROM `blog_email_set` [ RunTime:0.0040s ]
SQL: SELECT * FROM `blog_email_set` WHERE `id` = 1 LIMIT 1   [ RunTime:0.0010s ]
SQL: SHOW COLUMNS FROM `blog_article` [ RunTime:0.0060s ]
SQL: SELECT COUNT(*) AS tp_count FROM `blog_article` WHERE ( status = 0 ) LIMIT 1   [ RunTime:0.0000s ]
SQL: SELECT * FROM `blog_article` WHERE ( status = 0 ) ORDER BY id desc LIMIT 0,10   [ RunTime:0.0010s ]
SQL: SHOW COLUMNS FROM `blog_user` [ RunTime:0.0070s ]
SQL: SELECT * FROM `blog_user` WHERE ( 1=1 AND id='1' ) LIMIT 1   [ RunTime:0.0010s ]
SQL: SHOW COLUMNS FROM `blog_fenlei` [ RunTime:0.0040s ]
SQL: SELECT * FROM `blog_fenlei` WHERE ( 1=1 AND id='8' ) LIMIT 1   [ RunTime:0.0000s ]
SQL: SELECT * FROM `blog_user` WHERE ( 1=1 AND id='1' ) LIMIT 1   [ RunTime:0.0010s ]
SQL: SELECT * FROM `blog_fenlei` WHERE ( 1=1 AND id='2' ) LIMIT 1   [ RunTime:0.0000s ]
SQL: SELECT * FROM `blog_user` WHERE ( 1=1 AND id='1' ) LIMIT 1   [ RunTime:0.0000s ]
SQL: SELECT * FROM `blog_fenlei` WHERE ( 1=1 AND id='2' ) LIMIT 1   [ RunTime:0.0000s ]
SQL: SELECT * FROM `blog_user` WHERE ( 1=1 AND id='1' ) LIMIT 1   [ RunTime:0.0000s ]
SQL: SELECT * FROM `blog_fenlei` WHERE ( 1=1 AND id='2' ) LIMIT 1   [ RunTime:0.0010s ]
SQL: SELECT * FROM `blog_user` WHERE ( 1=1 AND id='1' ) LIMIT 1   [ RunTime:0.0010s ]
SQL: SELECT * FROM `blog_fenlei` WHERE ( 1=1 AND id='12' ) LIMIT 1   [ RunTime:0.0000s ]
SQL: SELECT * FROM `blog_user` WHERE ( 1=1 AND id='1' ) LIMIT 1   [ RunTime:0.0000s ]
SQL: SELECT * FROM `blog_fenlei` WHERE ( 1=1 AND id='12' ) LIMIT 1   [ RunTime:0.0000s ]
SQL: SHOW COLUMNS FROM `blog_slides` [ RunTime:0.0060s ]
SQL: SELECT * FROM `blog_slides` ORDER BY id desc  [ RunTime:0.0000s ]
ERR: 模板不存在:./Application/Home/View/Index/index.html

[ 2016-03-22T12:13:29+08:00 ] ::1 /li/
INFO: [ app_init ] --START--
INFO: Run Behavior\BuildLiteBehavior [ RunTime:0.000000s ]
INFO: [ app_init ] --END-- [ RunTime:0.000000s ]
INFO: [ app_begin ] --START--
INFO: Run Behavior\ReadHtmlCacheBehavior [ RunTime:0.001000s ]
INFO: [ app_begin ] --END-- [ RunTime:0.001000s ]
SQL: SHOW COLUMNS FROM `blog_fenlei` [ RunTime:0.0050s ]
SQL: SELECT * FROM `blog_fenlei` WHERE ( fid = 0 )  [ RunTime:0.0010s ]
SQL: SELECT * FROM `blog_fenlei` WHERE ( fid != 0 )  [ RunTime:0.0010s ]
SQL: SHOW COLUMNS FROM `blog_site` [ RunTime:0.0050s ]
SQL: SELECT * FROM `blog_site` WHERE `id` = 1 LIMIT 1   [ RunTime:0.0010s ]
SQL: SHOW COLUMNS FROM `blog_email_set` [ RunTime:0.0050s ]
SQL: SELECT * FROM `blog_email_set` WHERE `id` = 1 LIMIT 1   [ RunTime:0.0000s ]
SQL: SHOW COLUMNS FROM `blog_article` [ RunTime:0.0060s ]
SQL: SELECT COUNT(*) AS tp_count FROM `blog_article` WHERE ( status = 0 ) LIMIT 1   [ RunTime:0.0010s ]
SQL: SELECT * FROM `blog_article` WHERE ( status = 0 ) ORDER BY id desc LIMIT 0,10   [ RunTime:0.0010s ]
SQL: SHOW COLUMNS FROM `blog_user` [ RunTime:0.0050s ]
SQL: SELECT * FROM `blog_user` WHERE ( 1=1 AND id='1' ) LIMIT 1   [ RunTime:0.0010s ]
SQL: SHOW COLUMNS FROM `blog_fenlei` [ RunTime:0.0050s ]
SQL: SELECT * FROM `blog_fenlei` WHERE ( 1=1 AND id='8' ) LIMIT 1   [ RunTime:0.0000s ]
SQL: SELECT * FROM `blog_user` WHERE ( 1=1 AND id='1' ) LIMIT 1   [ RunTime:0.0010s ]
SQL: SELECT * FROM `blog_fenlei` WHERE ( 1=1 AND id='2' ) LIMIT 1   [ RunTime:0.0010s ]
SQL: SELECT * FROM `blog_user` WHERE ( 1=1 AND id='1' ) LIMIT 1   [ RunTime:0.0000s ]
SQL: SELECT * FROM `blog_fenlei` WHERE ( 1=1 AND id='2' ) LIMIT 1   [ RunTime:0.0000s ]
SQL: SELECT * FROM `blog_user` WHERE ( 1=1 AND id='1' ) LIMIT 1   [ RunTime:0.0000s ]
SQL: SELECT * FROM `blog_fenlei` WHERE ( 1=1 AND id='2' ) LIMIT 1   [ RunTime:0.0010s ]
SQL: SELECT * FROM `blog_user` WHERE ( 1=1 AND id='1' ) LIMIT 1   [ RunTime:0.0010s ]
SQL: SELECT * FROM `blog_fenlei` WHERE ( 1=1 AND id='12' ) LIMIT 1   [ RunTime:0.0010s ]
SQL: SELECT * FROM `blog_user` WHERE ( 1=1 AND id='1' ) LIMIT 1   [ RunTime:0.0010s ]
SQL: SELECT * FROM `blog_fenlei` WHERE ( 1=1 AND id='12' ) LIMIT 1   [ RunTime:0.0010s ]
SQL: SHOW COLUMNS FROM `blog_slides` [ RunTime:0.0050s ]
SQL: SELECT * FROM `blog_slides` ORDER BY id desc  [ RunTime:0.0000s ]
ERR: 模板不存在:./Application/Home/View/Index/index.html

[ 2016-03-22T12:13:29+08:00 ] ::1 /li/
INFO: [ app_init ] --START--
INFO: Run Behavior\BuildLiteBehavior [ RunTime:0.000000s ]
INFO: [ app_init ] --END-- [ RunTime:0.000000s ]
INFO: [ app_begin ] --START--
INFO: Run Behavior\ReadHtmlCacheBehavior [ RunTime:0.000000s ]
INFO: [ app_begin ] --END-- [ RunTime:0.001000s ]
SQL: SHOW COLUMNS FROM `blog_fenlei` [ RunTime:0.0050s ]
SQL: SELECT * FROM `blog_fenlei` WHERE ( fid = 0 )  [ RunTime:0.0000s ]
SQL: SELECT * FROM `blog_fenlei` WHERE ( fid != 0 )  [ RunTime:0.0000s ]
SQL: SHOW COLUMNS FROM `blog_site` [ RunTime:0.0050s ]
SQL: SELECT * FROM `blog_site` WHERE `id` = 1 LIMIT 1   [ RunTime:0.0010s ]
SQL: SHOW COLUMNS FROM `blog_email_set` [ RunTime:0.0050s ]
SQL: SELECT * FROM `blog_email_set` WHERE `id` = 1 LIMIT 1   [ RunTime:0.0010s ]
SQL: SHOW COLUMNS FROM `blog_article` [ RunTime:0.0050s ]
SQL: SELECT COUNT(*) AS tp_count FROM `blog_article` WHERE ( status = 0 ) LIMIT 1   [ RunTime:0.0010s ]
SQL: SELECT * FROM `blog_article` WHERE ( status = 0 ) ORDER BY id desc LIMIT 0,10   [ RunTime:0.0010s ]
SQL: SHOW COLUMNS FROM `blog_user` [ RunTime:0.0050s ]
SQL: SELECT * FROM `blog_user` WHERE ( 1=1 AND id='1' ) LIMIT 1   [ RunTime:0.0010s ]
SQL: SHOW COLUMNS FROM `blog_fenlei` [ RunTime:0.0050s ]
SQL: SELECT * FROM `blog_fenlei` WHERE ( 1=1 AND id='8' ) LIMIT 1   [ RunTime:0.0000s ]
SQL: SELECT * FROM `blog_user` WHERE ( 1=1 AND id='1' ) LIMIT 1   [ RunTime:0.0010s ]
SQL: SELECT * FROM `blog_fenlei` WHERE ( 1=1 AND id='2' ) LIMIT 1   [ RunTime:0.0020s ]
SQL: SELECT * FROM `blog_user` WHERE ( 1=1 AND id='1' ) LIMIT 1   [ RunTime:0.0010s ]
SQL: SELECT * FROM `blog_fenlei` WHERE ( 1=1 AND id='2' ) LIMIT 1   [ RunTime:0.0000s ]
SQL: SELECT * FROM `blog_user` WHERE ( 1=1 AND id='1' ) LIMIT 1   [ RunTime:0.0000s ]
SQL: SELECT * FROM `blog_fenlei` WHERE ( 1=1 AND id='2' ) LIMIT 1   [ RunTime:0.0000s ]
SQL: SELECT * FROM `blog_user` WHERE ( 1=1 AND id='1' ) LIMIT 1   [ RunTime:0.0000s ]
SQL: SELECT * FROM `blog_fenlei` WHERE ( 1=1 AND id='12' ) LIMIT 1   [ RunTime:0.0000s ]
SQL: SELECT * FROM `blog_user` WHERE ( 1=1 AND id='1' ) LIMIT 1   [ RunTime:0.0000s ]
SQL: SELECT * FROM `blog_fenlei` WHERE ( 1=1 AND id='12' ) LIMIT 1   [ RunTime:0.0000s ]
SQL: SHOW COLUMNS FROM `blog_slides` [ RunTime:0.0050s ]
SQL: SELECT * FROM `blog_slides` ORDER BY id desc  [ RunTime:0.0020s ]
ERR: 模板不存在:./Application/Home/View/Index/index.html

[ 2016-03-22T12:13:29+08:00 ] ::1 /li/
INFO: [ app_init ] --START--
INFO: Run Behavior\BuildLiteBehavior [ RunTime:0.000000s ]
INFO: [ app_init ] --END-- [ RunTime:0.000000s ]
INFO: [ app_begin ] --START--
INFO: Run Behavior\ReadHtmlCacheBehavior [ RunTime:0.000000s ]
INFO: [ app_begin ] --END-- [ RunTime:0.002000s ]
SQL: SHOW COLUMNS FROM `blog_fenlei` [ RunTime:0.0050s ]
SQL: SELECT * FROM `blog_fenlei` WHERE ( fid = 0 )  [ RunTime:0.0000s ]
SQL: SELECT * FROM `blog_fenlei` WHERE ( fid != 0 )  [ RunTime:0.0000s ]
SQL: SHOW COLUMNS FROM `blog_site` [ RunTime:0.0050s ]
SQL: SELECT * FROM `blog_site` WHERE `id` = 1 LIMIT 1   [ RunTime:0.0010s ]
SQL: SHOW COLUMNS FROM `blog_email_set` [ RunTime:0.0050s ]
SQL: SELECT * FROM `blog_email_set` WHERE `id` = 1 LIMIT 1   [ RunTime:0.0000s ]
SQL: SHOW COLUMNS FROM `blog_article` [ RunTime:0.0070s ]
SQL: SELECT COUNT(*) AS tp_count FROM `blog_article` WHERE ( status = 0 ) LIMIT 1   [ RunTime:0.0000s ]
SQL: SELECT * FROM `blog_article` WHERE ( status = 0 ) ORDER BY id desc LIMIT 0,10   [ RunTime:0.0010s ]
SQL: SHOW COLUMNS FROM `blog_user` [ RunTime:0.0070s ]
SQL: SELECT * FROM `blog_user` WHERE ( 1=1 AND id='1' ) LIMIT 1   [ RunTime:0.0010s ]
SQL: SHOW COLUMNS FROM `blog_fenlei` [ RunTime:0.0050s ]
SQL: SELECT * FROM `blog_fenlei` WHERE ( 1=1 AND id='8' ) LIMIT 1   [ RunTime:0.0000s ]
SQL: SELECT * FROM `blog_user` WHERE ( 1=1 AND id='1' ) LIMIT 1   [ RunTime:0.0000s ]
SQL: SELECT * FROM `blog_fenlei` WHERE ( 1=1 AND id='2' ) LIMIT 1   [ RunTime:0.0000s ]
SQL: SELECT * FROM `blog_user` WHERE ( 1=1 AND id='1' ) LIMIT 1   [ RunTime:0.0000s ]
SQL: SELECT * FROM `blog_fenlei` WHERE ( 1=1 AND id='2' ) LIMIT 1   [ RunTime:0.0000s ]
SQL: SELECT * FROM `blog_user` WHERE ( 1=1 AND id='1' ) LIMIT 1   [ RunTime:0.0000s ]
SQL: SELECT * FROM `blog_fenlei` WHERE ( 1=1 AND id='2' ) LIMIT 1   [ RunTime:0.0010s ]
SQL: SELECT * FROM `blog_user` WHERE ( 1=1 AND id='1' ) LIMIT 1   [ RunTime:0.0010s ]
SQL: SELECT * FROM `blog_fenlei` WHERE ( 1=1 AND id='12' ) LIMIT 1   [ RunTime:0.0000s ]
SQL: SELECT * FROM `blog_user` WHERE ( 1=1 AND id='1' ) LIMIT 1   [ RunTime:0.0000s ]
SQL: SELECT * FROM `blog_fenlei` WHERE ( 1=1 AND id='12' ) LIMIT 1   [ RunTime:0.0000s ]
SQL: SHOW COLUMNS FROM `blog_slides` [ RunTime:0.0040s ]
SQL: SELECT * FROM `blog_slides` ORDER BY id desc  [ RunTime:0.0000s ]
ERR: 模板不存在:./Application/Home/View/Index/index.html

[ 2016-03-22T12:13:30+08:00 ] ::1 /li/
INFO: [ app_init ] --START--
INFO: Run Behavior\BuildLiteBehavior [ RunTime:0.001000s ]
INFO: [ app_init ] --END-- [ RunTime:0.001000s ]
INFO: [ app_begin ] --START--
INFO: Run Behavior\ReadHtmlCacheBehavior [ RunTime:0.001000s ]
INFO: [ app_begin ] --END-- [ RunTime:0.001000s ]
SQL: SHOW COLUMNS FROM `blog_fenlei` [ RunTime:0.0050s ]
SQL: SELECT * FROM `blog_fenlei` WHERE ( fid = 0 )  [ RunTime:0.0000s ]
SQL: SELECT * FROM `blog_fenlei` WHERE ( fid != 0 )  [ RunTime:0.0010s ]
SQL: SHOW COLUMNS FROM `blog_site` [ RunTime:0.0070s ]
SQL: SELECT * FROM `blog_site` WHERE `id` = 1 LIMIT 1   [ RunTime:0.0010s ]
SQL: SHOW COLUMNS FROM `blog_email_set` [ RunTime:0.0050s ]
SQL: SELECT * FROM `blog_email_set` WHERE `id` = 1 LIMIT 1   [ RunTime:0.0010s ]
SQL: SHOW COLUMNS FROM `blog_article` [ RunTime:0.0040s ]
SQL: SELECT COUNT(*) AS tp_count FROM `blog_article` WHERE ( status = 0 ) LIMIT 1   [ RunTime:0.0000s ]
SQL: SELECT * FROM `blog_article` WHERE ( status = 0 ) ORDER BY id desc LIMIT 0,10   [ RunTime:0.0010s ]
SQL: SHOW COLUMNS FROM `blog_user` [ RunTime:0.0050s ]
SQL: SELECT * FROM `blog_user` WHERE ( 1=1 AND id='1' ) LIMIT 1   [ RunTime:0.0010s ]
SQL: SHOW COLUMNS FROM `blog_fenlei` [ RunTime:0.0050s ]
SQL: SELECT * FROM `blog_fenlei` WHERE ( 1=1 AND id='8' ) LIMIT 1   [ RunTime:0.0010s ]
SQL: SELECT * FROM `blog_user` WHERE ( 1=1 AND id='1' ) LIMIT 1   [ RunTime:0.0000s ]
SQL: SELECT * FROM `blog_fenlei` WHERE ( 1=1 AND id='2' ) LIMIT 1   [ RunTime:0.0000s ]
SQL: SELECT * FROM `blog_user` WHERE ( 1=1 AND id='1' ) LIMIT 1   [ RunTime:0.0010s ]
SQL: SELECT * FROM `blog_fenlei` WHERE ( 1=1 AND id='2' ) LIMIT 1   [ RunTime:0.0010s ]
SQL: SELECT * FROM `blog_user` WHERE ( 1=1 AND id='1' ) LIMIT 1   [ RunTime:0.0010s ]
SQL: SELECT * FROM `blog_fenlei` WHERE ( 1=1 AND id='2' ) LIMIT 1   [ RunTime:0.0010s ]
SQL: SELECT * FROM `blog_user` WHERE ( 1=1 AND id='1' ) LIMIT 1   [ RunTime:0.0010s ]
SQL: SELECT * FROM `blog_fenlei` WHERE ( 1=1 AND id='12' ) LIMIT 1   [ RunTime:0.0010s ]
SQL: SELECT * FROM `blog_user` WHERE ( 1=1 AND id='1' ) LIMIT 1   [ RunTime:0.0010s ]
SQL: SELECT * FROM `blog_fenlei` WHERE ( 1=1 AND id='12' ) LIMIT 1   [ RunTime:0.0010s ]
SQL: SHOW COLUMNS FROM `blog_slides` [ RunTime:0.0050s ]
SQL: SELECT * FROM `blog_slides` ORDER BY id desc  [ RunTime:0.0000s ]
ERR: 模板不存在:./Application/Home/View/Index/index.html

[ 2016-03-22T12:13:30+08:00 ] ::1 /li/
INFO: [ app_init ] --START--
INFO: Run Behavior\BuildLiteBehavior [ RunTime:0.000000s ]
INFO: [ app_init ] --END-- [ RunTime:0.002000s ]
INFO: [ app_begin ] --START--
INFO: Run Behavior\ReadHtmlCacheBehavior [ RunTime:0.001000s ]
INFO: [ app_begin ] --END-- [ RunTime:0.001000s ]
SQL: SHOW COLUMNS FROM `blog_fenlei` [ RunTime:0.0050s ]
SQL: SELECT * FROM `blog_fenlei` WHERE ( fid = 0 )  [ RunTime:0.0010s ]
SQL: SELECT * FROM `blog_fenlei` WHERE ( fid != 0 )  [ RunTime:0.0010s ]
SQL: SHOW COLUMNS FROM `blog_site` [ RunTime:0.0050s ]
SQL: SELECT * FROM `blog_site` WHERE `id` = 1 LIMIT 1   [ RunTime:0.0010s ]
SQL: SHOW COLUMNS FROM `blog_email_set` [ RunTime:0.0050s ]
SQL: SELECT * FROM `blog_email_set` WHERE `id` = 1 LIMIT 1   [ RunTime:0.0010s ]
SQL: SHOW COLUMNS FROM `blog_article` [ RunTime:0.0050s ]
SQL: SELECT COUNT(*) AS tp_count FROM `blog_article` WHERE ( status = 0 ) LIMIT 1   [ RunTime:0.0000s ]
SQL: SELECT * FROM `blog_article` WHERE ( status = 0 ) ORDER BY id desc LIMIT 0,10   [ RunTime:0.0010s ]
SQL: SHOW COLUMNS FROM `blog_user` [ RunTime:0.0050s ]
SQL: SELECT * FROM `blog_user` WHERE ( 1=1 AND id='1' ) LIMIT 1   [ RunTime:0.0000s ]
SQL: SHOW COLUMNS FROM `blog_fenlei` [ RunTime:0.0040s ]
SQL: SELECT * FROM `blog_fenlei` WHERE ( 1=1 AND id='8' ) LIMIT 1   [ RunTime:0.0010s ]
SQL: SELECT * FROM `blog_user` WHERE ( 1=1 AND id='1' ) LIMIT 1   [ RunTime:0.0010s ]
SQL: SELECT * FROM `blog_fenlei` WHERE ( 1=1 AND id='2' ) LIMIT 1   [ RunTime:0.0010s ]
SQL: SELECT * FROM `blog_user` WHERE ( 1=1 AND id='1' ) LIMIT 1   [ RunTime:0.0010s ]
SQL: SELECT * FROM `blog_fenlei` WHERE ( 1=1 AND id='2' ) LIMIT 1   [ RunTime:0.0010s ]
SQL: SELECT * FROM `blog_user` WHERE ( 1=1 AND id='1' ) LIMIT 1   [ RunTime:0.0010s ]
SQL: SELECT * FROM `blog_fenlei` WHERE ( 1=1 AND id='2' ) LIMIT 1   [ RunTime:0.0000s ]
SQL: SELECT * FROM `blog_user` WHERE ( 1=1 AND id='1' ) LIMIT 1   [ RunTime:0.0000s ]
SQL: SELECT * FROM `blog_fenlei` WHERE ( 1=1 AND id='12' ) LIMIT 1   [ RunTime:0.0010s ]
SQL: SELECT * FROM `blog_user` WHERE ( 1=1 AND id='1' ) LIMIT 1   [ RunTime:0.0020s ]
SQL: SELECT * FROM `blog_fenlei` WHERE ( 1=1 AND id='12' ) LIMIT 1   [ RunTime:0.0010s ]
SQL: SHOW COLUMNS FROM `blog_slides` [ RunTime:0.0120s ]
SQL: SELECT * FROM `blog_slides` ORDER BY id desc  [ RunTime:0.0000s ]
ERR: 模板不存在:./Application/Home/View/Index/index.html

[ 2016-03-22T12:13:31+08:00 ] ::1 /li/
INFO: [ app_init ] --START--
INFO: Run Behavior\BuildLiteBehavior [ RunTime:0.000000s ]
INFO: [ app_init ] --END-- [ RunTime:0.001000s ]
INFO: [ app_begin ] --START--
INFO: Run Behavior\ReadHtmlCacheBehavior [ RunTime:0.001000s ]
INFO: [ app_begin ] --END-- [ RunTime:0.001000s ]
SQL: SHOW COLUMNS FROM `blog_fenlei` [ RunTime:0.0060s ]
SQL: SELECT * FROM `blog_fenlei` WHERE ( fid = 0 )  [ RunTime:0.0000s ]
SQL: SELECT * FROM `blog_fenlei` WHERE ( fid != 0 )  [ RunTime:0.0000s ]
SQL: SHOW COLUMNS FROM `blog_site` [ RunTime:0.0070s ]
SQL: SELECT * FROM `blog_site` WHERE `id` = 1 LIMIT 1   [ RunTime:0.0010s ]
SQL: SHOW COLUMNS FROM `blog_email_set` [ RunTime:0.0050s ]
SQL: SELECT * FROM `blog_email_set` WHERE `id` = 1 LIMIT 1   [ RunTime:0.0000s ]
SQL: SHOW COLUMNS FROM `blog_article` [ RunTime:0.0060s ]
SQL: SELECT COUNT(*) AS tp_count FROM `blog_article` WHERE ( status = 0 ) LIMIT 1   [ RunTime:0.0000s ]
SQL: SELECT * FROM `blog_article` WHERE ( status = 0 ) ORDER BY id desc LIMIT 0,10   [ RunTime:0.0010s ]
SQL: SHOW COLUMNS FROM `blog_user` [ RunTime:0.0070s ]
SQL: SELECT * FROM `blog_user` WHERE ( 1=1 AND id='1' ) LIMIT 1   [ RunTime:0.0000s ]
SQL: SHOW COLUMNS FROM `blog_fenlei` [ RunTime:0.0050s ]
SQL: SELECT * FROM `blog_fenlei` WHERE ( 1=1 AND id='8' ) LIMIT 1   [ RunTime:0.0010s ]
SQL: SELECT * FROM `blog_user` WHERE ( 1=1 AND id='1' ) LIMIT 1   [ RunTime:0.0000s ]
SQL: SELECT * FROM `blog_fenlei` WHERE ( 1=1 AND id='2' ) LIMIT 1   [ RunTime:0.0000s ]
SQL: SELECT * FROM `blog_user` WHERE ( 1=1 AND id='1' ) LIMIT 1   [ RunTime:0.0000s ]
SQL: SELECT * FROM `blog_fenlei` WHERE ( 1=1 AND id='2' ) LIMIT 1   [ RunTime:0.0000s ]
SQL: SELECT * FROM `blog_user` WHERE ( 1=1 AND id='1' ) LIMIT 1   [ RunTime:0.0000s ]
SQL: SELECT * FROM `blog_fenlei` WHERE ( 1=1 AND id='2' ) LIMIT 1   [ RunTime:0.0000s ]
SQL: SELECT * FROM `blog_user` WHERE ( 1=1 AND id='1' ) LIMIT 1   [ RunTime:0.0000s ]
SQL: SELECT * FROM `blog_fenlei` WHERE ( 1=1 AND id='12' ) LIMIT 1   [ RunTime:0.0000s ]
SQL: SELECT * FROM `blog_user` WHERE ( 1=1 AND id='1' ) LIMIT 1   [ RunTime:0.0010s ]
SQL: SELECT * FROM `blog_fenlei` WHERE ( 1=1 AND id='12' ) LIMIT 1   [ RunTime:0.0010s ]
SQL: SHOW COLUMNS FROM `blog_slides` [ RunTime:0.0050s ]
SQL: SELECT * FROM `blog_slides` ORDER BY id desc  [ RunTime:0.0010s ]
ERR: 模板不存在:./Application/Home/View/Index/index.html

[ 2016-03-22T12:13:45+08:00 ] ::1 /li/
INFO: [ app_init ] --START--
INFO: Run Behavior\BuildLiteBehavior [ RunTime:0.001000s ]
INFO: [ app_init ] --END-- [ RunTime:0.001000s ]
INFO: [ app_begin ] --START--
INFO: Run Behavior\ReadHtmlCacheBehavior [ RunTime:0.001000s ]
INFO: [ app_begin ] --END-- [ RunTime:0.002000s ]
SQL: SHOW COLUMNS FROM `blog_fenlei` [ RunTime:0.0050s ]
SQL: SELECT * FROM `blog_fenlei` WHERE ( fid = 0 )  [ RunTime:0.0000s ]
SQL: SELECT * FROM `blog_fenlei` WHERE ( fid != 0 )  [ RunTime:0.0010s ]
SQL: SHOW COLUMNS FROM `blog_site` [ RunTime:0.0060s ]
SQL: SELECT * FROM `blog_site` WHERE `id` = 1 LIMIT 1   [ RunTime:0.0000s ]
SQL: SHOW COLUMNS FROM `blog_email_set` [ RunTime:0.0060s ]
SQL: SELECT * FROM `blog_email_set` WHERE `id` = 1 LIMIT 1   [ RunTime:0.0000s ]
SQL: SHOW COLUMNS FROM `blog_article` [ RunTime:0.0050s ]
SQL: SELECT COUNT(*) AS tp_count FROM `blog_article` WHERE ( status = 0 ) LIMIT 1   [ RunTime:0.0010s ]
SQL: SELECT * FROM `blog_article` WHERE ( status = 0 ) ORDER BY id desc LIMIT 0,10   [ RunTime:0.0010s ]
SQL: SHOW COLUMNS FROM `blog_user` [ RunTime:0.0050s ]
SQL: SELECT * FROM `blog_user` WHERE ( 1=1 AND id='1' ) LIMIT 1   [ RunTime:0.0010s ]
SQL: SHOW COLUMNS FROM `blog_fenlei` [ RunTime:0.0050s ]
SQL: SELECT * FROM `blog_fenlei` WHERE ( 1=1 AND id='8' ) LIMIT 1   [ RunTime:0.0010s ]
SQL: SELECT * FROM `blog_user` WHERE ( 1=1 AND id='1' ) LIMIT 1   [ RunTime:0.0010s ]
SQL: SELECT * FROM `blog_fenlei` WHERE ( 1=1 AND id='2' ) LIMIT 1   [ RunTime:0.0000s ]
SQL: SELECT * FROM `blog_user` WHERE ( 1=1 AND id='1' ) LIMIT 1   [ RunTime:0.0010s ]
SQL: SELECT * FROM `blog_fenlei` WHERE ( 1=1 AND id='2' ) LIMIT 1   [ RunTime:0.0010s ]
SQL: SELECT * FROM `blog_user` WHERE ( 1=1 AND id='1' ) LIMIT 1   [ RunTime:0.0000s ]
SQL: SELECT * FROM `blog_fenlei` WHERE ( 1=1 AND id='2' ) LIMIT 1   [ RunTime:0.0000s ]
SQL: SELECT * FROM `blog_user` WHERE ( 1=1 AND id='1' ) LIMIT 1   [ RunTime:0.0000s ]
SQL: SELECT * FROM `blog_fenlei` WHERE ( 1=1 AND id='12' ) LIMIT 1   [ RunTime:0.0000s ]
SQL: SELECT * FROM `blog_user` WHERE ( 1=1 AND id='1' ) LIMIT 1   [ RunTime:0.0000s ]
SQL: SELECT * FROM `blog_fenlei` WHERE ( 1=1 AND id='12' ) LIMIT 1   [ RunTime:0.0000s ]
SQL: SHOW COLUMNS FROM `blog_slides` [ RunTime:0.0050s ]
SQL: SELECT * FROM `blog_slides` ORDER BY id desc  [ RunTime:0.0010s ]
ERR: 模板不存在:./Application/Home/View/Index/index.html

