[ 2016-02-05T21:21:38+08:00 ] 127.0.0.1 /lichengmi/index.php/Admin/Liuyan/index
INFO: [ app_init ] --START--
INFO: Run Behavior\BuildLiteBehavior [ RunTime:0.000138s ]
INFO: [ app_init ] --END-- [ RunTime:0.002399s ]
INFO: [ app_begin ] --START--
INFO: Run Behavior\ReadHtmlCacheBehavior [ RunTime:0.000730s ]
INFO: [ app_begin ] --END-- [ RunTime:0.000875s ]
SQL: SHOW COLUMNS FROM `blog_jingli` [ RunTime:0.0022s ]
SQL: SELECT * FROM `blog_jingli` WHERE `id` = 1 LIMIT 1   [ RunTime:0.0002s ]
NOTIC: [8] Undefined index: username E:\wamp\wamp\www\lichengmi\Application\Admin\Controller\CommonController.class.php 第 9 行.
INFO: [ view_parse ] --START--
INFO: [ template_filter ] --START--
INFO: Run Behavior\ContentReplaceBehavior [ RunTime:0.000325s ]
INFO: [ template_filter ] --END-- [ RunTime:0.005464s ]
INFO: Run Behavior\ParseTemplateBehavior [ RunTime:0.018445s ]
INFO: [ view_parse ] --END-- [ RunTime:0.018657s ]
INFO: [ view_filter ] --START--
INFO: Run Behavior\WriteHtmlCacheBehavior [ RunTime:0.000540s ]
INFO: [ view_filter ] --END-- [ RunTime:0.000700s ]

[ 2016-02-05T21:21:40+08:00 ] 127.0.0.1 /lichengmi/index.php/Admin/Login/login.html
INFO: [ app_init ] --START--
INFO: Run Behavior\BuildLiteBehavior [ RunTime:0.000038s ]
INFO: [ app_init ] --END-- [ RunTime:0.000593s ]
INFO: [ app_begin ] --START--
INFO: Run Behavior\ReadHtmlCacheBehavior [ RunTime:0.000884s ]
INFO: [ app_begin ] --END-- [ RunTime:0.001038s ]
INFO: [ view_parse ] --START--
INFO: [ template_filter ] --START--
INFO: Run Behavior\ContentReplaceBehavior [ RunTime:0.000095s ]
INFO: [ template_filter ] --END-- [ RunTime:0.000274s ]
INFO: Run Behavior\ParseTemplateBehavior [ RunTime:0.015195s ]
INFO: [ view_parse ] --END-- [ RunTime:0.015439s ]
INFO: [ view_filter ] --START--
INFO: Run Behavior\WriteHtmlCacheBehavior [ RunTime:0.000674s ]
INFO: [ view_filter ] --END-- [ RunTime:0.000887s ]
INFO: [ app_end ] --START--
INFO: Run Behavior\ShowPageTraceBehavior [ RunTime:0.000901s ]
INFO: [ app_end ] --END-- [ RunTime:0.001079s ]

[ 2016-02-05T21:21:52+08:00 ] 127.0.0.1 /lichengmi/index.php/Admin/Login/checklogin
INFO: [ app_init ] --START--
INFO: Run Behavior\BuildLiteBehavior [ RunTime:0.000025s ]
INFO: [ app_init ] --END-- [ RunTime:0.000424s ]
INFO: [ app_begin ] --START--
INFO: Run Behavior\ReadHtmlCacheBehavior [ RunTime:0.000578s ]
INFO: [ app_begin ] --END-- [ RunTime:0.000693s ]
SQL: SHOW COLUMNS FROM `blog_jingli` [ RunTime:0.0032s ]
SQL: SELECT * FROM `blog_jingli` WHERE ( username='admin' AND password='0a113ef6b61820daa5611c870ed8d5ee' AND kouling='888' AND status ='0' ) LIMIT 1   [ RunTime:0.0007s ]
INFO: [ view_parse ] --START--
INFO: [ template_filter ] --START--
INFO: Run Behavior\ContentReplaceBehavior [ RunTime:0.000070s ]
INFO: [ template_filter ] --END-- [ RunTime:0.000218s ]
INFO: Run Behavior\ParseTemplateBehavior [ RunTime:0.010515s ]
INFO: [ view_parse ] --END-- [ RunTime:0.010640s ]
INFO: [ view_filter ] --START--
INFO: Run Behavior\WriteHtmlCacheBehavior [ RunTime:0.000359s ]
INFO: [ view_filter ] --END-- [ RunTime:0.000589s ]

[ 2016-02-05T21:22:09+08:00 ] 127.0.0.1 /lichengmi/index.php/Admin/Login/checklogin
INFO: [ app_init ] --START--
INFO: Run Behavior\BuildLiteBehavior [ RunTime:0.000022s ]
INFO: [ app_init ] --END-- [ RunTime:0.000375s ]
INFO: [ app_begin ] --START--
INFO: Run Behavior\ReadHtmlCacheBehavior [ RunTime:0.000810s ]
INFO: [ app_begin ] --END-- [ RunTime:0.001083s ]
SQL: SHOW COLUMNS FROM `blog_jingli` [ RunTime:0.0021s ]
SQL: SELECT * FROM `blog_jingli` WHERE ( username='admin' AND password='21218cca77804d2ba1922c33e0151105' AND kouling='888888' AND status ='0' ) LIMIT 1   [ RunTime:0.0003s ]
INFO: [ view_parse ] --START--
INFO: [ template_filter ] --START--
INFO: Run Behavior\ContentReplaceBehavior [ RunTime:0.000059s ]
INFO: [ template_filter ] --END-- [ RunTime:0.000164s ]
INFO: Run Behavior\ParseTemplateBehavior [ RunTime:0.006655s ]
INFO: [ view_parse ] --END-- [ RunTime:0.006773s ]
INFO: [ view_filter ] --START--
INFO: Run Behavior\WriteHtmlCacheBehavior [ RunTime:0.000406s ]
INFO: [ view_filter ] --END-- [ RunTime:0.000507s ]
INFO: [ app_end ] --START--
INFO: Run Behavior\ShowPageTraceBehavior [ RunTime:0.000647s ]
INFO: [ app_end ] --END-- [ RunTime:0.000748s ]

[ 2016-02-05T21:22:11+08:00 ] 127.0.0.1 /lichengmi/index.php/Admin/Index/index.html
INFO: [ app_init ] --START--
INFO: Run Behavior\BuildLiteBehavior [ RunTime:0.000025s ]
INFO: [ app_init ] --END-- [ RunTime:0.000466s ]
INFO: [ app_begin ] --START--
INFO: Run Behavior\ReadHtmlCacheBehavior [ RunTime:0.000633s ]
INFO: [ app_begin ] --END-- [ RunTime:0.000754s ]
SQL: SHOW COLUMNS FROM `blog_jingli` [ RunTime:0.0020s ]
SQL: SELECT * FROM `blog_jingli` WHERE `id` = 1 LIMIT 1   [ RunTime:0.0003s ]
SQL: SHOW COLUMNS FROM `blog_user` [ RunTime:0.0022s ]
SQL: SELECT COUNT(*) AS tp_count FROM `blog_user` LIMIT 1   [ RunTime:0.0002s ]
SQL: SHOW COLUMNS FROM `blog_article` [ RunTime:0.0026s ]
SQL: SELECT COUNT(*) AS tp_count FROM `blog_article` LIMIT 1   [ RunTime:0.0025s ]
SQL: SHOW COLUMNS FROM `blog_liuyan` [ RunTime:0.0027s ]
SQL: SELECT COUNT(*) AS tp_count FROM `blog_liuyan` LIMIT 1   [ RunTime:0.0002s ]
SQL: SHOW COLUMNS FROM `blog_comment` [ RunTime:0.0024s ]
SQL: SELECT COUNT(*) AS tp_count FROM `blog_comment` LIMIT 1   [ RunTime:0.0002s ]
INFO: [ view_parse ] --START--
INFO: [ template_filter ] --START--
INFO: Run Behavior\ContentReplaceBehavior [ RunTime:0.000399s ]
INFO: [ template_filter ] --END-- [ RunTime:0.000578s ]
NOTIC: [8] Undefined index: PROCESSOR_IDENTIFIER E:\wamp\wamp\www\lichengmi\Application\Runtime\Cache\Admin\b595b808c2ebeeeb0478ffc30bb4e87a.php 第 346 行.
INFO: Run Behavior\ParseTemplateBehavior [ RunTime:0.028584s ]
INFO: [ view_parse ] --END-- [ RunTime:0.028790s ]
INFO: [ view_filter ] --START--
INFO: Run Behavior\WriteHtmlCacheBehavior [ RunTime:0.000891s ]
INFO: [ view_filter ] --END-- [ RunTime:0.001059s ]
INFO: [ app_end ] --START--
INFO: Run Behavior\ShowPageTraceBehavior [ RunTime:0.000683s ]
INFO: [ app_end ] --END-- [ RunTime:0.000791s ]

[ 2016-02-05T21:22:14+08:00 ] 127.0.0.1 /lichengmi/index.php/Admin/Liuyan/index
INFO: [ app_init ] --START--
INFO: Run Behavior\BuildLiteBehavior [ RunTime:0.000025s ]
INFO: [ app_init ] --END-- [ RunTime:0.000414s ]
INFO: [ app_begin ] --START--
INFO: Run Behavior\ReadHtmlCacheBehavior [ RunTime:0.000629s ]
INFO: [ app_begin ] --END-- [ RunTime:0.000743s ]
SQL: SHOW COLUMNS FROM `blog_jingli` [ RunTime:0.0021s ]
SQL: SELECT * FROM `blog_jingli` WHERE `id` = 1 LIMIT 1   [ RunTime:0.0004s ]
SQL: SHOW COLUMNS FROM `blog_liuyan` [ RunTime:0.0020s ]
SQL: SELECT COUNT(*) AS tp_count FROM `blog_liuyan` LIMIT 1   [ RunTime:0.0002s ]
SQL: SELECT * FROM `blog_liuyan` ORDER BY id desc LIMIT 0,10   [ RunTime:0.0008s ]
INFO: [ view_parse ] --START--
INFO: [ template_filter ] --START--
INFO: Run Behavior\ContentReplaceBehavior [ RunTime:0.000155s ]
INFO: [ template_filter ] --END-- [ RunTime:0.000287s ]
INFO: Run Behavior\ParseTemplateBehavior [ RunTime:0.013067s ]
INFO: [ view_parse ] --END-- [ RunTime:0.013192s ]
INFO: [ view_filter ] --START--
INFO: Run Behavior\WriteHtmlCacheBehavior [ RunTime:0.000950s ]
INFO: [ view_filter ] --END-- [ RunTime:0.001067s ]
INFO: [ app_end ] --START--
INFO: Run Behavior\ShowPageTraceBehavior [ RunTime:0.000697s ]
INFO: [ app_end ] --END-- [ RunTime:0.000812s ]

[ 2016-02-05T21:22:21+08:00 ] 127.0.0.1 /lichengmi/index.php/Admin/Liuyan/index/p/2.html
INFO: [ app_init ] --START--
INFO: Run Behavior\BuildLiteBehavior [ RunTime:0.000025s ]
INFO: [ app_init ] --END-- [ RunTime:0.000423s ]
INFO: [ app_begin ] --START--
INFO: Run Behavior\ReadHtmlCacheBehavior [ RunTime:0.000599s ]
INFO: [ app_begin ] --END-- [ RunTime:0.000707s ]
SQL: SHOW COLUMNS FROM `blog_jingli` [ RunTime:0.0051s ]
SQL: SELECT * FROM `blog_jingli` WHERE `id` = 1 LIMIT 1   [ RunTime:0.0004s ]
SQL: SHOW COLUMNS FROM `blog_liuyan` [ RunTime:0.0028s ]
SQL: SELECT COUNT(*) AS tp_count FROM `blog_liuyan` LIMIT 1   [ RunTime:0.0002s ]
SQL: SELECT * FROM `blog_liuyan` ORDER BY id desc LIMIT 10,10   [ RunTime:0.0003s ]
INFO: [ view_parse ] --START--
INFO: [ template_filter ] --START--
INFO: Run Behavior\ContentReplaceBehavior [ RunTime:0.000241s ]
INFO: [ template_filter ] --END-- [ RunTime:0.000494s ]
INFO: Run Behavior\ParseTemplateBehavior [ RunTime:0.018711s ]
INFO: [ view_parse ] --END-- [ RunTime:0.018844s ]
INFO: [ view_filter ] --START--
INFO: Run Behavior\WriteHtmlCacheBehavior [ RunTime:0.000402s ]
INFO: [ view_filter ] --END-- [ RunTime:0.000508s ]
INFO: [ app_end ] --START--
INFO: Run Behavior\ShowPageTraceBehavior [ RunTime:0.000588s ]
INFO: [ app_end ] --END-- [ RunTime:0.000688s ]

[ 2016-02-05T21:22:23+08:00 ] 127.0.0.1 /lichengmi/index.php/Admin/Liuyan/index/p/3.html
INFO: [ app_init ] --START--
INFO: Run Behavior\BuildLiteBehavior [ RunTime:0.000040s ]
INFO: [ app_init ] --END-- [ RunTime:0.000677s ]
INFO: [ app_begin ] --START--
INFO: Run Behavior\ReadHtmlCacheBehavior [ RunTime:0.000701s ]
INFO: [ app_begin ] --END-- [ RunTime:0.000832s ]
SQL: SHOW COLUMNS FROM `blog_jingli` [ RunTime:0.0034s ]
SQL: SELECT * FROM `blog_jingli` WHERE `id` = 1 LIMIT 1   [ RunTime:0.0005s ]
SQL: SHOW COLUMNS FROM `blog_liuyan` [ RunTime:0.0053s ]
SQL: SELECT COUNT(*) AS tp_count FROM `blog_liuyan` LIMIT 1   [ RunTime:0.0002s ]
SQL: SELECT * FROM `blog_liuyan` ORDER BY id desc LIMIT 20,10   [ RunTime:0.0004s ]
INFO: [ view_parse ] --START--
INFO: [ template_filter ] --START--
INFO: Run Behavior\ContentReplaceBehavior [ RunTime:0.000286s ]
INFO: [ template_filter ] --END-- [ RunTime:0.000549s ]
INFO: Run Behavior\ParseTemplateBehavior [ RunTime:0.014583s ]
INFO: [ view_parse ] --END-- [ RunTime:0.014835s ]
INFO: [ view_filter ] --START--
INFO: Run Behavior\WriteHtmlCacheBehavior [ RunTime:0.000749s ]
INFO: [ view_filter ] --END-- [ RunTime:0.000962s ]
INFO: [ app_end ] --START--
INFO: Run Behavior\ShowPageTraceBehavior [ RunTime:0.001197s ]
INFO: [ app_end ] --END-- [ RunTime:0.001490s ]

[ 2016-02-05T21:22:24+08:00 ] 127.0.0.1 /lichengmi/index.php/Admin/Liuyan/index/p/4.html
INFO: [ app_init ] --START--
INFO: Run Behavior\BuildLiteBehavior [ RunTime:0.000044s ]
INFO: [ app_init ] --END-- [ RunTime:0.000669s ]
INFO: [ app_begin ] --START--
INFO: Run Behavior\ReadHtmlCacheBehavior [ RunTime:0.001034s ]
INFO: [ app_begin ] --END-- [ RunTime:0.001261s ]
SQL: SHOW COLUMNS FROM `blog_jingli` [ RunTime:0.0034s ]
SQL: SELECT * FROM `blog_jingli` WHERE `id` = 1 LIMIT 1   [ RunTime:0.0003s ]
SQL: SHOW COLUMNS FROM `blog_liuyan` [ RunTime:0.0024s ]
SQL: SELECT COUNT(*) AS tp_count FROM `blog_liuyan` LIMIT 1   [ RunTime:0.0002s ]
SQL: SELECT * FROM `blog_liuyan` ORDER BY id desc LIMIT 30,10   [ RunTime:0.0005s ]
INFO: [ view_parse ] --START--
INFO: [ template_filter ] --START--
INFO: Run Behavior\ContentReplaceBehavior [ RunTime:0.000586s ]
INFO: [ template_filter ] --END-- [ RunTime:0.000980s ]
INFO: Run Behavior\ParseTemplateBehavior [ RunTime:0.018854s ]
INFO: [ view_parse ] --END-- [ RunTime:0.019060s ]
INFO: [ view_filter ] --START--
INFO: Run Behavior\WriteHtmlCacheBehavior [ RunTime:0.000600s ]
INFO: [ view_filter ] --END-- [ RunTime:0.000768s ]
INFO: [ app_end ] --START--
INFO: Run Behavior\ShowPageTraceBehavior [ RunTime:0.000879s ]
INFO: [ app_end ] --END-- [ RunTime:0.001060s ]

[ 2016-02-05T21:22:25+08:00 ] 127.0.0.1 /lichengmi/index.php/Admin/Liuyan/index/p/3.html
INFO: [ app_init ] --START--
INFO: Run Behavior\BuildLiteBehavior [ RunTime:0.000040s ]
INFO: [ app_init ] --END-- [ RunTime:0.000650s ]
INFO: [ app_begin ] --START--
INFO: Run Behavior\ReadHtmlCacheBehavior [ RunTime:0.000913s ]
INFO: [ app_begin ] --END-- [ RunTime:0.001104s ]
SQL: SHOW COLUMNS FROM `blog_jingli` [ RunTime:0.0021s ]
SQL: SELECT * FROM `blog_jingli` WHERE `id` = 1 LIMIT 1   [ RunTime:0.0003s ]
SQL: SHOW COLUMNS FROM `blog_liuyan` [ RunTime:0.0025s ]
SQL: SELECT COUNT(*) AS tp_count FROM `blog_liuyan` LIMIT 1   [ RunTime:0.0002s ]
SQL: SELECT * FROM `blog_liuyan` ORDER BY id desc LIMIT 20,10   [ RunTime:0.0004s ]
INFO: [ view_parse ] --START--
INFO: [ template_filter ] --START--
INFO: Run Behavior\ContentReplaceBehavior [ RunTime:0.000239s ]
INFO: [ template_filter ] --END-- [ RunTime:0.000402s ]
INFO: Run Behavior\ParseTemplateBehavior [ RunTime:0.032824s ]
INFO: [ view_parse ] --END-- [ RunTime:0.032995s ]
INFO: [ view_filter ] --START--
INFO: Run Behavior\WriteHtmlCacheBehavior [ RunTime:0.000524s ]
INFO: [ view_filter ] --END-- [ RunTime:0.000680s ]
INFO: [ app_end ] --START--
INFO: Run Behavior\ShowPageTraceBehavior [ RunTime:0.001006s ]
INFO: [ app_end ] --END-- [ RunTime:0.001162s ]

[ 2016-02-05T21:22:35+08:00 ] 127.0.0.1 /lichengmi/index.php/Admin/Yaoqing/index
INFO: [ app_init ] --START--
INFO: Run Behavior\BuildLiteBehavior [ RunTime:0.000026s ]
INFO: [ app_init ] --END-- [ RunTime:0.000420s ]
INFO: [ app_begin ] --START--
INFO: Run Behavior\ReadHtmlCacheBehavior [ RunTime:0.000939s ]
INFO: [ app_begin ] --END-- [ RunTime:0.001137s ]
SQL: SHOW COLUMNS FROM `blog_jingli` [ RunTime:0.0029s ]
SQL: SELECT * FROM `blog_jingli` WHERE `id` = 1 LIMIT 1   [ RunTime:0.0003s ]
SQL: SHOW COLUMNS FROM `blog_code` [ RunTime:0.0024s ]
SQL: SELECT COUNT(*) AS tp_count FROM `blog_code` LIMIT 1   [ RunTime:0.0004s ]
SQL: SELECT * FROM `blog_code` ORDER BY id desc LIMIT 0,20   [ RunTime:0.0005s ]
INFO: [ view_parse ] --START--
INFO: [ template_filter ] --START--
INFO: Run Behavior\ContentReplaceBehavior [ RunTime:0.000218s ]
INFO: [ template_filter ] --END-- [ RunTime:0.000409s ]
NOTIC: [8] Undefined variable: arr2 E:\wamp\wamp\www\lichengmi\Application\Runtime\Cache\Admin\28bdf218c920d353b22dd6e5adf2ea99.php 第 221 行.
NOTIC: [8] Undefined variable: arr2 E:\wamp\wamp\www\lichengmi\Application\Runtime\Cache\Admin\28bdf218c920d353b22dd6e5adf2ea99.php 第 221 行.
NOTIC: [8] Undefined variable: arr2 E:\wamp\wamp\www\lichengmi\Application\Runtime\Cache\Admin\28bdf218c920d353b22dd6e5adf2ea99.php 第 221 行.
NOTIC: [8] Undefined variable: arr2 E:\wamp\wamp\www\lichengmi\Application\Runtime\Cache\Admin\28bdf218c920d353b22dd6e5adf2ea99.php 第 221 行.
NOTIC: [8] Undefined variable: arr2 E:\wamp\wamp\www\lichengmi\Application\Runtime\Cache\Admin\28bdf218c920d353b22dd6e5adf2ea99.php 第 221 行.
NOTIC: [8] Undefined variable: arr2 E:\wamp\wamp\www\lichengmi\Application\Runtime\Cache\Admin\28bdf218c920d353b22dd6e5adf2ea99.php 第 221 行.
NOTIC: [8] Undefined variable: arr2 E:\wamp\wamp\www\lichengmi\Application\Runtime\Cache\Admin\28bdf218c920d353b22dd6e5adf2ea99.php 第 221 行.
NOTIC: [8] Undefined variable: arr2 E:\wamp\wamp\www\lichengmi\Application\Runtime\Cache\Admin\28bdf218c920d353b22dd6e5adf2ea99.php 第 221 行.
NOTIC: [8] Undefined variable: arr2 E:\wamp\wamp\www\lichengmi\Application\Runtime\Cache\Admin\28bdf218c920d353b22dd6e5adf2ea99.php 第 221 行.
NOTIC: [8] Undefined variable: arr2 E:\wamp\wamp\www\lichengmi\Application\Runtime\Cache\Admin\28bdf218c920d353b22dd6e5adf2ea99.php 第 221 行.
NOTIC: [8] Undefined variable: arr2 E:\wamp\wamp\www\lichengmi\Application\Runtime\Cache\Admin\28bdf218c920d353b22dd6e5adf2ea99.php 第 221 行.
NOTIC: [8] Undefined variable: arr2 E:\wamp\wamp\www\lichengmi\Application\Runtime\Cache\Admin\28bdf218c920d353b22dd6e5adf2ea99.php 第 221 行.
NOTIC: [8] Undefined variable: arr2 E:\wamp\wamp\www\lichengmi\Application\Runtime\Cache\Admin\28bdf218c920d353b22dd6e5adf2ea99.php 第 221 行.
NOTIC: [8] Undefined variable: arr2 E:\wamp\wamp\www\lichengmi\Application\Runtime\Cache\Admin\28bdf218c920d353b22dd6e5adf2ea99.php 第 221 行.
NOTIC: [8] Undefined variable: arr2 E:\wamp\wamp\www\lichengmi\Application\Runtime\Cache\Admin\28bdf218c920d353b22dd6e5adf2ea99.php 第 221 行.
NOTIC: [8] Undefined variable: arr2 E:\wamp\wamp\www\lichengmi\Application\Runtime\Cache\Admin\28bdf218c920d353b22dd6e5adf2ea99.php 第 221 行.
NOTIC: [8] Undefined variable: arr2 E:\wamp\wamp\www\lichengmi\Application\Runtime\Cache\Admin\28bdf218c920d353b22dd6e5adf2ea99.php 第 221 行.
NOTIC: [8] Undefined variable: arr2 E:\wamp\wamp\www\lichengmi\Application\Runtime\Cache\Admin\28bdf218c920d353b22dd6e5adf2ea99.php 第 221 行.
NOTIC: [8] Undefined variable: arr2 E:\wamp\wamp\www\lichengmi\Application\Runtime\Cache\Admin\28bdf218c920d353b22dd6e5adf2ea99.php 第 221 行.
NOTIC: [8] Undefined variable: arr2 E:\wamp\wamp\www\lichengmi\Application\Runtime\Cache\Admin\28bdf218c920d353b22dd6e5adf2ea99.php 第 221 行.
INFO: Run Behavior\ParseTemplateBehavior [ RunTime:0.024561s ]
INFO: [ view_parse ] --END-- [ RunTime:0.024744s ]
INFO: [ view_filter ] --START--
INFO: Run Behavior\WriteHtmlCacheBehavior [ RunTime:0.000536s ]
INFO: [ view_filter ] --END-- [ RunTime:0.000648s ]
INFO: [ app_end ] --START--
INFO: Run Behavior\ShowPageTraceBehavior [ RunTime:0.000674s ]
INFO: [ app_end ] --END-- [ RunTime:0.000778s ]

[ 2016-02-05T21:22:38+08:00 ] 127.0.0.1 /lichengmi/index.php/Admin/Yaoqing/add
INFO: [ app_init ] --START--
INFO: Run Behavior\BuildLiteBehavior [ RunTime:0.000041s ]
INFO: [ app_init ] --END-- [ RunTime:0.000710s ]
INFO: [ app_begin ] --START--
INFO: Run Behavior\ReadHtmlCacheBehavior [ RunTime:0.001085s ]
INFO: [ app_begin ] --END-- [ RunTime:0.001309s ]
SQL: SHOW COLUMNS FROM `blog_jingli` [ RunTime:0.0023s ]
SQL: SELECT * FROM `blog_jingli` WHERE `id` = 1 LIMIT 1   [ RunTime:0.0002s ]
INFO: [ view_parse ] --START--
INFO: [ template_filter ] --START--
INFO: Run Behavior\ContentReplaceBehavior [ RunTime:0.000210s ]
INFO: [ template_filter ] --END-- [ RunTime:0.000424s ]
INFO: Run Behavior\ParseTemplateBehavior [ RunTime:0.011544s ]
INFO: [ view_parse ] --END-- [ RunTime:0.011747s ]
INFO: [ view_filter ] --START--
INFO: Run Behavior\WriteHtmlCacheBehavior [ RunTime:0.000612s ]
INFO: [ view_filter ] --END-- [ RunTime:0.000763s ]
INFO: [ app_end ] --START--
INFO: Run Behavior\ShowPageTraceBehavior [ RunTime:0.000981s ]
INFO: [ app_end ] --END-- [ RunTime:0.001164s ]

[ 2016-02-05T21:22:40+08:00 ] 127.0.0.1 /lichengmi/index.php/Admin/Yaoqing/production
INFO: [ app_init ] --START--
INFO: Run Behavior\BuildLiteBehavior [ RunTime:0.000024s ]
INFO: [ app_init ] --END-- [ RunTime:0.000393s ]
INFO: [ app_begin ] --START--
INFO: Run Behavior\ReadHtmlCacheBehavior [ RunTime:0.000650s ]
INFO: [ app_begin ] --END-- [ RunTime:0.000859s ]
SQL: SHOW COLUMNS FROM `blog_jingli` [ RunTime:0.0029s ]
SQL: SELECT * FROM `blog_jingli` WHERE `id` = 1 LIMIT 1   [ RunTime:0.0003s ]
INFO: [ view_parse ] --START--
INFO: [ template_filter ] --START--
INFO: Run Behavior\ContentReplaceBehavior [ RunTime:0.000186s ]
INFO: [ template_filter ] --END-- [ RunTime:0.000404s ]
INFO: Run Behavior\ParseTemplateBehavior [ RunTime:0.018614s ]
INFO: [ view_parse ] --END-- [ RunTime:0.018752s ]
INFO: [ view_filter ] --START--
INFO: Run Behavior\WriteHtmlCacheBehavior [ RunTime:0.000407s ]
INFO: [ view_filter ] --END-- [ RunTime:0.000514s ]
INFO: [ app_end ] --START--
INFO: Run Behavior\ShowPageTraceBehavior [ RunTime:0.000607s ]
INFO: [ app_end ] --END-- [ RunTime:0.000709s ]

[ 2016-02-05T21:23:05+08:00 ] 127.0.0.1 /lichengmi/index.php/Admin/Yaoqing/doProduction
INFO: [ app_init ] --START--
INFO: Run Behavior\BuildLiteBehavior [ RunTime:0.000194s ]
INFO: [ app_init ] --END-- [ RunTime:0.000928s ]
INFO: [ app_begin ] --START--
INFO: Run Behavior\ReadHtmlCacheBehavior [ RunTime:0.000694s ]
INFO: [ app_begin ] --END-- [ RunTime:0.000865s ]
SQL: SHOW COLUMNS FROM `blog_jingli` [ RunTime:0.0027s ]
SQL: SELECT * FROM `blog_jingli` WHERE `id` = 1 LIMIT 1   [ RunTime:0.0003s ]
SQL: SHOW COLUMNS FROM `blog_code` [ RunTime:0.0019s ]
SQL: SELECT * FROM `blog_code` WHERE ( code = 'SSS678585341' ) LIMIT 1   [ RunTime:0.0002s ]
SQL: INSERT INTO `blog_code` (`code`) VALUES ('SSS678585341') [ RunTime:0.0002s ]
SQL: SELECT * FROM `blog_code` WHERE ( code = 'SSS6785859896' ) LIMIT 1   [ RunTime:0.0002s ]
SQL: INSERT INTO `blog_code` (`code`) VALUES ('SSS6785859896') [ RunTime:0.0001s ]
SQL: SELECT * FROM `blog_code` WHERE ( code = 'SSS678585582' ) LIMIT 1   [ RunTime:0.0002s ]
SQL: INSERT INTO `blog_code` (`code`) VALUES ('SSS678585582') [ RunTime:0.0001s ]
SQL: SELECT * FROM `blog_code` WHERE ( code = 'SSS678585237' ) LIMIT 1   [ RunTime:0.0002s ]
SQL: INSERT INTO `blog_code` (`code`) VALUES ('SSS678585237') [ RunTime:0.0001s ]
SQL: SELECT * FROM `blog_code` WHERE ( code = 'SSS678585584' ) LIMIT 1   [ RunTime:0.0002s ]
SQL: INSERT INTO `blog_code` (`code`) VALUES ('SSS678585584') [ RunTime:0.0001s ]
SQL: SELECT * FROM `blog_code` WHERE ( code = 'SSS6785856999' ) LIMIT 1   [ RunTime:0.0002s ]
SQL: INSERT INTO `blog_code` (`code`) VALUES ('SSS6785856999') [ RunTime:0.0001s ]
SQL: SELECT * FROM `blog_code` WHERE ( code = 'SSS6785852964' ) LIMIT 1   [ RunTime:0.0002s ]
SQL: INSERT INTO `blog_code` (`code`) VALUES ('SSS6785852964') [ RunTime:0.0001s ]
SQL: SELECT * FROM `blog_code` WHERE ( code = 'SSS6785855455' ) LIMIT 1   [ RunTime:0.0002s ]
SQL: INSERT INTO `blog_code` (`code`) VALUES ('SSS6785855455') [ RunTime:0.0001s ]
SQL: SELECT * FROM `blog_code` WHERE ( code = 'SSS6785852526' ) LIMIT 1   [ RunTime:0.0002s ]
SQL: INSERT INTO `blog_code` (`code`) VALUES ('SSS6785852526') [ RunTime:0.0001s ]
SQL: SELECT * FROM `blog_code` WHERE ( code = 'SSS6785859317' ) LIMIT 1   [ RunTime:0.0002s ]
SQL: INSERT INTO `blog_code` (`code`) VALUES ('SSS6785859317') [ RunTime:0.0001s ]
INFO: [ view_parse ] --START--
INFO: [ template_filter ] --START--
INFO: Run Behavior\ContentReplaceBehavior [ RunTime:0.000107s ]
INFO: [ template_filter ] --END-- [ RunTime:0.000306s ]
INFO: Run Behavior\ParseTemplateBehavior [ RunTime:0.014327s ]
INFO: [ view_parse ] --END-- [ RunTime:0.014449s ]
INFO: [ view_filter ] --START--
INFO: Run Behavior\WriteHtmlCacheBehavior [ RunTime:0.000357s ]
INFO: [ view_filter ] --END-- [ RunTime:0.000461s ]
INFO: [ app_end ] --START--
INFO: Run Behavior\ShowPageTraceBehavior [ RunTime:0.000626s ]
INFO: [ app_end ] --END-- [ RunTime:0.000727s ]

[ 2016-02-05T21:23:06+08:00 ] 127.0.0.1 /lichengmi/index.php/Admin/Yaoqing/production
INFO: [ app_init ] --START--
INFO: Run Behavior\BuildLiteBehavior [ RunTime:0.000049s ]
INFO: [ app_init ] --END-- [ RunTime:0.005294s ]
INFO: [ app_begin ] --START--
INFO: Run Behavior\ReadHtmlCacheBehavior [ RunTime:0.000768s ]
INFO: [ app_begin ] --END-- [ RunTime:0.000931s ]
SQL: SHOW COLUMNS FROM `blog_jingli` [ RunTime:0.0026s ]
SQL: SELECT * FROM `blog_jingli` WHERE `id` = 1 LIMIT 1   [ RunTime:0.0003s ]
INFO: [ view_parse ] --START--
INFO: [ template_filter ] --START--
INFO: Run Behavior\ContentReplaceBehavior [ RunTime:0.000181s ]
INFO: [ template_filter ] --END-- [ RunTime:0.000387s ]
INFO: Run Behavior\ParseTemplateBehavior [ RunTime:0.015637s ]
INFO: [ view_parse ] --END-- [ RunTime:0.015777s ]
INFO: [ view_filter ] --START--
INFO: Run Behavior\WriteHtmlCacheBehavior [ RunTime:0.000504s ]
INFO: [ view_filter ] --END-- [ RunTime:0.000838s ]
INFO: [ app_end ] --START--
INFO: Run Behavior\ShowPageTraceBehavior [ RunTime:0.000658s ]
INFO: [ app_end ] --END-- [ RunTime:0.000768s ]

[ 2016-02-05T21:23:07+08:00 ] 127.0.0.1 /lichengmi/index.php/Admin/Yaoqing/index
INFO: [ app_init ] --START--
INFO: Run Behavior\BuildLiteBehavior [ RunTime:0.000041s ]
INFO: [ app_init ] --END-- [ RunTime:0.000596s ]
INFO: [ app_begin ] --START--
INFO: Run Behavior\ReadHtmlCacheBehavior [ RunTime:0.000670s ]
INFO: [ app_begin ] --END-- [ RunTime:0.000912s ]
SQL: SHOW COLUMNS FROM `blog_jingli` [ RunTime:0.0019s ]
SQL: SELECT * FROM `blog_jingli` WHERE `id` = 1 LIMIT 1   [ RunTime:0.0002s ]
SQL: SHOW COLUMNS FROM `blog_code` [ RunTime:0.0018s ]
SQL: SELECT COUNT(*) AS tp_count FROM `blog_code` LIMIT 1   [ RunTime:0.0001s ]
SQL: SELECT * FROM `blog_code` ORDER BY id desc LIMIT 0,20   [ RunTime:0.0004s ]
INFO: [ view_parse ] --START--
INFO: [ template_filter ] --START--
INFO: Run Behavior\ContentReplaceBehavior [ RunTime:0.000187s ]
INFO: [ template_filter ] --END-- [ RunTime:0.000361s ]
NOTIC: [8] Undefined variable: arr2 E:\wamp\wamp\www\lichengmi\Application\Runtime\Cache\Admin\28bdf218c920d353b22dd6e5adf2ea99.php 第 221 行.
NOTIC: [8] Undefined variable: arr2 E:\wamp\wamp\www\lichengmi\Application\Runtime\Cache\Admin\28bdf218c920d353b22dd6e5adf2ea99.php 第 221 行.
NOTIC: [8] Undefined variable: arr2 E:\wamp\wamp\www\lichengmi\Application\Runtime\Cache\Admin\28bdf218c920d353b22dd6e5adf2ea99.php 第 221 行.
NOTIC: [8] Undefined variable: arr2 E:\wamp\wamp\www\lichengmi\Application\Runtime\Cache\Admin\28bdf218c920d353b22dd6e5adf2ea99.php 第 221 行.
NOTIC: [8] Undefined variable: arr2 E:\wamp\wamp\www\lichengmi\Application\Runtime\Cache\Admin\28bdf218c920d353b22dd6e5adf2ea99.php 第 221 行.
NOTIC: [8] Undefined variable: arr2 E:\wamp\wamp\www\lichengmi\Application\Runtime\Cache\Admin\28bdf218c920d353b22dd6e5adf2ea99.php 第 221 行.
NOTIC: [8] Undefined variable: arr2 E:\wamp\wamp\www\lichengmi\Application\Runtime\Cache\Admin\28bdf218c920d353b22dd6e5adf2ea99.php 第 221 行.
NOTIC: [8] Undefined variable: arr2 E:\wamp\wamp\www\lichengmi\Application\Runtime\Cache\Admin\28bdf218c920d353b22dd6e5adf2ea99.php 第 221 行.
NOTIC: [8] Undefined variable: arr2 E:\wamp\wamp\www\lichengmi\Application\Runtime\Cache\Admin\28bdf218c920d353b22dd6e5adf2ea99.php 第 221 行.
NOTIC: [8] Undefined variable: arr2 E:\wamp\wamp\www\lichengmi\Application\Runtime\Cache\Admin\28bdf218c920d353b22dd6e5adf2ea99.php 第 221 行.
NOTIC: [8] Undefined variable: arr2 E:\wamp\wamp\www\lichengmi\Application\Runtime\Cache\Admin\28bdf218c920d353b22dd6e5adf2ea99.php 第 221 行.
NOTIC: [8] Undefined variable: arr2 E:\wamp\wamp\www\lichengmi\Application\Runtime\Cache\Admin\28bdf218c920d353b22dd6e5adf2ea99.php 第 221 行.
NOTIC: [8] Undefined variable: arr2 E:\wamp\wamp\www\lichengmi\Application\Runtime\Cache\Admin\28bdf218c920d353b22dd6e5adf2ea99.php 第 221 行.
NOTIC: [8] Undefined variable: arr2 E:\wamp\wamp\www\lichengmi\Application\Runtime\Cache\Admin\28bdf218c920d353b22dd6e5adf2ea99.php 第 221 行.
NOTIC: [8] Undefined variable: arr2 E:\wamp\wamp\www\lichengmi\Application\Runtime\Cache\Admin\28bdf218c920d353b22dd6e5adf2ea99.php 第 221 行.
NOTIC: [8] Undefined variable: arr2 E:\wamp\wamp\www\lichengmi\Application\Runtime\Cache\Admin\28bdf218c920d353b22dd6e5adf2ea99.php 第 221 行.
NOTIC: [8] Undefined variable: arr2 E:\wamp\wamp\www\lichengmi\Application\Runtime\Cache\Admin\28bdf218c920d353b22dd6e5adf2ea99.php 第 221 行.
NOTIC: [8] Undefined variable: arr2 E:\wamp\wamp\www\lichengmi\Application\Runtime\Cache\Admin\28bdf218c920d353b22dd6e5adf2ea99.php 第 221 行.
NOTIC: [8] Undefined variable: arr2 E:\wamp\wamp\www\lichengmi\Application\Runtime\Cache\Admin\28bdf218c920d353b22dd6e5adf2ea99.php 第 221 行.
NOTIC: [8] Undefined variable: arr2 E:\wamp\wamp\www\lichengmi\Application\Runtime\Cache\Admin\28bdf218c920d353b22dd6e5adf2ea99.php 第 221 行.
INFO: Run Behavior\ParseTemplateBehavior [ RunTime:0.030825s ]
INFO: [ view_parse ] --END-- [ RunTime:0.030939s ]
INFO: [ view_filter ] --START--
INFO: Run Behavior\WriteHtmlCacheBehavior [ RunTime:0.000363s ]
INFO: [ view_filter ] --END-- [ RunTime:0.000461s ]
INFO: [ app_end ] --START--
INFO: Run Behavior\ShowPageTraceBehavior [ RunTime:0.000616s ]
INFO: [ app_end ] --END-- [ RunTime:0.000746s ]

[ 2016-02-05T21:23:29+08:00 ] 127.0.0.1 /lichengmi/index.php/Admin/Site/index
INFO: [ app_init ] --START--
INFO: Run Behavior\BuildLiteBehavior [ RunTime:0.000040s ]
INFO: [ app_init ] --END-- [ RunTime:0.000890s ]
INFO: [ app_begin ] --START--
INFO: Run Behavior\ReadHtmlCacheBehavior [ RunTime:0.000956s ]
INFO: [ app_begin ] --END-- [ RunTime:0.001173s ]
SQL: SHOW COLUMNS FROM `blog_jingli` [ RunTime:0.0020s ]
SQL: SELECT * FROM `blog_jingli` WHERE `id` = 1 LIMIT 1   [ RunTime:0.0002s ]
SQL: SHOW COLUMNS FROM `blog_site` [ RunTime:0.0019s ]
SQL: SELECT * FROM `blog_site` WHERE `id` = 1 LIMIT 1   [ RunTime:0.0002s ]
INFO: [ view_parse ] --START--
INFO: [ template_filter ] --START--
INFO: Run Behavior\ContentReplaceBehavior [ RunTime:0.000250s ]
INFO: [ template_filter ] --END-- [ RunTime:0.000465s ]
INFO: Run Behavior\ParseTemplateBehavior [ RunTime:0.019955s ]
INFO: [ view_parse ] --END-- [ RunTime:0.022662s ]
INFO: [ view_filter ] --START--
INFO: Run Behavior\WriteHtmlCacheBehavior [ RunTime:0.001088s ]
INFO: [ view_filter ] --END-- [ RunTime:0.001254s ]
INFO: [ app_end ] --START--
INFO: Run Behavior\ShowPageTraceBehavior [ RunTime:0.000926s ]
INFO: [ app_end ] --END-- [ RunTime:0.001070s ]

[ 2016-02-05T21:23:50+08:00 ] 127.0.0.1 /lichengmi/index.php/Admin/Fenlei/index
INFO: [ app_init ] --START--
INFO: Run Behavior\BuildLiteBehavior [ RunTime:0.000034s ]
INFO: [ app_init ] --END-- [ RunTime:0.000526s ]
INFO: [ app_begin ] --START--
INFO: Run Behavior\ReadHtmlCacheBehavior [ RunTime:0.000780s ]
INFO: [ app_begin ] --END-- [ RunTime:0.000933s ]
SQL: SHOW COLUMNS FROM `blog_jingli` [ RunTime:0.0077s ]
SQL: SELECT * FROM `blog_jingli` WHERE `id` = 1 LIMIT 1   [ RunTime:0.0005s ]
SQL: SHOW COLUMNS FROM `blog_fenlei` [ RunTime:0.0067s ]
SQL: SELECT * FROM `blog_fenlei` WHERE ( fid = 0 )  [ RunTime:0.0004s ]
SQL: SELECT * FROM `blog_fenlei` WHERE ( fid != 0 )  [ RunTime:0.0008s ]
INFO: [ view_parse ] --START--
INFO: [ template_filter ] --START--
INFO: Run Behavior\ContentReplaceBehavior [ RunTime:0.003481s ]
INFO: [ template_filter ] --END-- [ RunTime:0.003784s ]
INFO: Run Behavior\ParseTemplateBehavior [ RunTime:0.034903s ]
INFO: [ view_parse ] --END-- [ RunTime:0.035061s ]
INFO: [ view_filter ] --START--
INFO: Run Behavior\WriteHtmlCacheBehavior [ RunTime:0.000539s ]
INFO: [ view_filter ] --END-- [ RunTime:0.000700s ]
INFO: [ app_end ] --START--
INFO: Run Behavior\ShowPageTraceBehavior [ RunTime:0.001522s ]
INFO: [ app_end ] --END-- [ RunTime:0.001990s ]

[ 2016-02-05T21:24:03+08:00 ] 127.0.0.1 /lichengmi/index.php/Admin/Fenlei/delete/id/1
INFO: [ app_init ] --START--
INFO: Run Behavior\BuildLiteBehavior [ RunTime:0.000031s ]
INFO: [ app_init ] --END-- [ RunTime:0.000609s ]
INFO: [ app_begin ] --START--
INFO: Run Behavior\ReadHtmlCacheBehavior [ RunTime:0.000706s ]
INFO: [ app_begin ] --END-- [ RunTime:0.000848s ]
SQL: SHOW COLUMNS FROM `blog_jingli` [ RunTime:0.0054s ]
SQL: SELECT * FROM `blog_jingli` WHERE `id` = 1 LIMIT 1   [ RunTime:0.0005s ]
SQL: SHOW COLUMNS FROM `blog_fenlei` [ RunTime:0.0034s ]
SQL: SELECT * FROM `blog_fenlei` WHERE ( fid= 1 ) LIMIT 1   [ RunTime:0.0003s ]
INFO: [ view_parse ] --START--
INFO: [ template_filter ] --START--
INFO: Run Behavior\ContentReplaceBehavior [ RunTime:0.000128s ]
INFO: [ template_filter ] --END-- [ RunTime:0.000660s ]
INFO: Run Behavior\ParseTemplateBehavior [ RunTime:0.012942s ]
INFO: [ view_parse ] --END-- [ RunTime:0.013185s ]
INFO: [ view_filter ] --START--
INFO: Run Behavior\WriteHtmlCacheBehavior [ RunTime:0.000740s ]
INFO: [ view_filter ] --END-- [ RunTime:0.000980s ]

[ 2016-02-05T21:24:20+08:00 ] 127.0.0.1 /lichengmi/index.php/Admin
INFO: [ app_init ] --START--
INFO: Run Behavior\BuildLiteBehavior [ RunTime:0.000047s ]
INFO: [ app_init ] --END-- [ RunTime:0.000725s ]
INFO: [ app_begin ] --START--
INFO: Run Behavior\ReadHtmlCacheBehavior [ RunTime:0.001110s ]
INFO: [ app_begin ] --END-- [ RunTime:0.001297s ]
SQL: SHOW COLUMNS FROM `blog_jingli` [ RunTime:0.0072s ]
SQL: SELECT * FROM `blog_jingli` WHERE `id` = 1 LIMIT 1   [ RunTime:0.0003s ]
SQL: SHOW COLUMNS FROM `blog_user` [ RunTime:0.0023s ]
SQL: SELECT COUNT(*) AS tp_count FROM `blog_user` LIMIT 1   [ RunTime:0.0002s ]
SQL: SHOW COLUMNS FROM `blog_article` [ RunTime:0.0023s ]
SQL: SELECT COUNT(*) AS tp_count FROM `blog_article` LIMIT 1   [ RunTime:0.0002s ]
SQL: SHOW COLUMNS FROM `blog_liuyan` [ RunTime:0.0024s ]
SQL: SELECT COUNT(*) AS tp_count FROM `blog_liuyan` LIMIT 1   [ RunTime:0.0003s ]
SQL: SHOW COLUMNS FROM `blog_comment` [ RunTime:0.0027s ]
SQL: SELECT COUNT(*) AS tp_count FROM `blog_comment` LIMIT 1   [ RunTime:0.0003s ]
INFO: [ view_parse ] --START--
INFO: [ template_filter ] --START--
INFO: Run Behavior\ContentReplaceBehavior [ RunTime:0.000333s ]
INFO: [ template_filter ] --END-- [ RunTime:0.000477s ]
NOTIC: [8] Undefined index: PROCESSOR_IDENTIFIER E:\wamp\wamp\www\lichengmi\Application\Runtime\Cache\Admin\b595b808c2ebeeeb0478ffc30bb4e87a.php 第 346 行.
INFO: Run Behavior\ParseTemplateBehavior [ RunTime:0.042494s ]
INFO: [ view_parse ] --END-- [ RunTime:0.042635s ]
INFO: [ view_filter ] --START--
INFO: Run Behavior\WriteHtmlCacheBehavior [ RunTime:0.000433s ]
INFO: [ view_filter ] --END-- [ RunTime:0.000549s ]
INFO: [ app_end ] --START--
INFO: Run Behavior\ShowPageTraceBehavior [ RunTime:0.000700s ]
INFO: [ app_end ] --END-- [ RunTime:0.000821s ]

[ 2016-02-05T21:24:52+08:00 ] 127.0.0.1 /lichengmi/index.php/Admin/Index/index
INFO: [ app_init ] --START--
INFO: Run Behavior\BuildLiteBehavior [ RunTime:0.000048s ]
INFO: [ app_init ] --END-- [ RunTime:0.000968s ]
INFO: [ app_begin ] --START--
INFO: Run Behavior\ReadHtmlCacheBehavior [ RunTime:0.000752s ]
INFO: [ app_begin ] --END-- [ RunTime:0.000906s ]
SQL: SHOW COLUMNS FROM `blog_jingli` [ RunTime:0.0022s ]
SQL: SELECT * FROM `blog_jingli` WHERE `id` = 1 LIMIT 1   [ RunTime:0.0004s ]
SQL: SHOW COLUMNS FROM `blog_user` [ RunTime:0.0057s ]
SQL: SELECT COUNT(*) AS tp_count FROM `blog_user` LIMIT 1   [ RunTime:0.0003s ]
SQL: SHOW COLUMNS FROM `blog_article` [ RunTime:0.0037s ]
SQL: SELECT COUNT(*) AS tp_count FROM `blog_article` LIMIT 1   [ RunTime:0.0005s ]
SQL: SHOW COLUMNS FROM `blog_liuyan` [ RunTime:0.0039s ]
SQL: SELECT COUNT(*) AS tp_count FROM `blog_liuyan` LIMIT 1   [ RunTime:0.0019s ]
SQL: SHOW COLUMNS FROM `blog_comment` [ RunTime:0.0037s ]
SQL: SELECT COUNT(*) AS tp_count FROM `blog_comment` LIMIT 1   [ RunTime:0.0004s ]
INFO: [ view_parse ] --START--
INFO: [ template_filter ] --START--
INFO: Run Behavior\ContentReplaceBehavior [ RunTime:0.000369s ]
INFO: [ template_filter ] --END-- [ RunTime:0.000592s ]
NOTIC: [8] Undefined index: PROCESSOR_IDENTIFIER E:\wamp\wamp\www\lichengmi\Application\Runtime\Cache\Admin\b595b808c2ebeeeb0478ffc30bb4e87a.php 第 346 行.
INFO: Run Behavior\ParseTemplateBehavior [ RunTime:0.037598s ]
INFO: [ view_parse ] --END-- [ RunTime:0.037841s ]
INFO: [ view_filter ] --START--
INFO: Run Behavior\WriteHtmlCacheBehavior [ RunTime:0.000588s ]
INFO: [ view_filter ] --END-- [ RunTime:0.000757s ]
INFO: [ app_end ] --START--
INFO: Run Behavior\ShowPageTraceBehavior [ RunTime:0.000879s ]
INFO: [ app_end ] --END-- [ RunTime:0.001049s ]

[ 2016-02-05T21:24:54+08:00 ] 127.0.0.1 /lichengmi/index.php/Admin/Site/index
INFO: [ app_init ] --START--
INFO: Run Behavior\BuildLiteBehavior [ RunTime:0.000031s ]
INFO: [ app_init ] --END-- [ RunTime:0.000546s ]
INFO: [ app_begin ] --START--
INFO: Run Behavior\ReadHtmlCacheBehavior [ RunTime:0.001012s ]
INFO: [ app_begin ] --END-- [ RunTime:0.001236s ]
SQL: SHOW COLUMNS FROM `blog_jingli` [ RunTime:0.0022s ]
SQL: SELECT * FROM `blog_jingli` WHERE `id` = 1 LIMIT 1   [ RunTime:0.0003s ]
SQL: SHOW COLUMNS FROM `blog_site` [ RunTime:0.0026s ]
SQL: SELECT * FROM `blog_site` WHERE `id` = 1 LIMIT 1   [ RunTime:0.0003s ]
INFO: [ view_parse ] --START--
INFO: [ template_filter ] --START--
INFO: Run Behavior\ContentReplaceBehavior [ RunTime:0.000300s ]
INFO: [ template_filter ] --END-- [ RunTime:0.000655s ]
INFO: Run Behavior\ParseTemplateBehavior [ RunTime:0.021985s ]
INFO: [ view_parse ] --END-- [ RunTime:0.022206s ]
INFO: [ view_filter ] --START--
INFO: Run Behavior\WriteHtmlCacheBehavior [ RunTime:0.000572s ]
INFO: [ view_filter ] --END-- [ RunTime:0.000724s ]
INFO: [ app_end ] --START--
INFO: Run Behavior\ShowPageTraceBehavior [ RunTime:0.000670s ]
INFO: [ app_end ] --END-- [ RunTime:0.000787s ]

[ 2016-02-05T21:25:00+08:00 ] 127.0.0.1 /lichengmi/index.php/Admin/Site/doedit/id/1
INFO: [ app_init ] --START--
INFO: Run Behavior\BuildLiteBehavior [ RunTime:0.000055s ]
INFO: [ app_init ] --END-- [ RunTime:0.000908s ]
INFO: [ app_begin ] --START--
INFO: Run Behavior\ReadHtmlCacheBehavior [ RunTime:0.001139s ]
INFO: [ app_begin ] --END-- [ RunTime:0.001421s ]
SQL: SHOW COLUMNS FROM `blog_jingli` [ RunTime:0.0062s ]
SQL: SELECT * FROM `blog_jingli` WHERE `id` = 1 LIMIT 1   [ RunTime:0.0046s ]
SQL: SHOW COLUMNS FROM `blog_site` [ RunTime:0.0049s ]
SQL: UPDATE `blog_site` SET `title`='里程密开源博客系统',`name`='里程密',`set_content`='阿萨德阿萨德1',`admin_email`='731371050@qq.com',`keywords`='里程密|ThinkPHP开源博客系统456',`description`='&lt;script type=&quot;text/javascript&quot;&gt;var cnzz_protocol = ((&quot;https:&quot; == document.location.protocol) ? &quot; https://&quot; : &quot; http://&quot;);document.write(unescape(&quot;%3Cspan id=\'cnzz_stat_icon_1256104530\'%3E%3C/span%3E%3Cscript src=\'&quot; + cnzz_protocol + &quot;s11.cnzz.com/stat.php%3Fid%3D1256104530\' type=\'text/javascript\'%3E%3C/script%3E&quot;));&lt;/script&gt;',`statistics`='<script type=\"text/javascript\">var cnzz_protocol = ((\"https:\" == document.location.protocol) ? \" https://\" : \" http://\");document.write(unescape(\"%3Cspan id=\'cnzz_stat_icon_1256104530\'%3E%3C/span%3E%3Cscript src=\'\" + cnzz_protocol + \"s11.cnzz.com/stat.php%3Fid%3D1256104530\' type=\'text/javascript\'%3E%3C/script%3E\"));</script>',`userStatus`='1',`articleSatus`='1' WHERE ( id = 1 ) [ RunTime:0.0007s ]
INFO: [ view_parse ] --START--
INFO: [ template_filter ] --START--
INFO: Run Behavior\ContentReplaceBehavior [ RunTime:0.000098s ]
INFO: [ template_filter ] --END-- [ RunTime:0.000286s ]
INFO: Run Behavior\ParseTemplateBehavior [ RunTime:0.011050s ]
INFO: [ view_parse ] --END-- [ RunTime:0.011322s ]
INFO: [ view_filter ] --START--
INFO: Run Behavior\WriteHtmlCacheBehavior [ RunTime:0.000727s ]
INFO: [ view_filter ] --END-- [ RunTime:0.001229s ]
INFO: [ app_end ] --START--
INFO: Run Behavior\ShowPageTraceBehavior [ RunTime:0.001026s ]
INFO: [ app_end ] --END-- [ RunTime:0.001245s ]

[ 2016-02-05T21:25:01+08:00 ] 127.0.0.1 /lichengmi/index.php/Admin/Site/index
INFO: [ app_init ] --START--
INFO: Run Behavior\BuildLiteBehavior [ RunTime:0.000049s ]
INFO: [ app_init ] --END-- [ RunTime:0.000794s ]
INFO: [ app_begin ] --START--
INFO: Run Behavior\ReadHtmlCacheBehavior [ RunTime:0.001051s ]
INFO: [ app_begin ] --END-- [ RunTime:0.001250s ]
SQL: SHOW COLUMNS FROM `blog_jingli` [ RunTime:0.0027s ]
SQL: SELECT * FROM `blog_jingli` WHERE `id` = 1 LIMIT 1   [ RunTime:0.0003s ]
SQL: SHOW COLUMNS FROM `blog_site` [ RunTime:0.0030s ]
SQL: SELECT * FROM `blog_site` WHERE `id` = 1 LIMIT 1   [ RunTime:0.0004s ]
INFO: [ view_parse ] --START--
INFO: [ template_filter ] --START--
INFO: Run Behavior\ContentReplaceBehavior [ RunTime:0.000335s ]
INFO: [ template_filter ] --END-- [ RunTime:0.004952s ]
INFO: Run Behavior\ParseTemplateBehavior [ RunTime:0.044131s ]
INFO: [ view_parse ] --END-- [ RunTime:0.044451s ]
INFO: [ view_filter ] --START--
INFO: Run Behavior\WriteHtmlCacheBehavior [ RunTime:0.000934s ]
INFO: [ view_filter ] --END-- [ RunTime:0.001239s ]
INFO: [ app_end ] --START--
INFO: Run Behavior\ShowPageTraceBehavior [ RunTime:0.004561s ]
INFO: [ app_end ] --END-- [ RunTime:0.004989s ]

[ 2016-02-05T21:25:11+08:00 ] 127.0.0.1 /lichengmi/index.php/Admin/Site/doedit/id/1
INFO: [ app_init ] --START--
INFO: Run Behavior\BuildLiteBehavior [ RunTime:0.000030s ]
INFO: [ app_init ] --END-- [ RunTime:0.000671s ]
INFO: [ app_begin ] --START--
INFO: Run Behavior\ReadHtmlCacheBehavior [ RunTime:0.000733s ]
INFO: [ app_begin ] --END-- [ RunTime:0.000882s ]
SQL: SHOW COLUMNS FROM `blog_jingli` [ RunTime:0.0081s ]
SQL: SELECT * FROM `blog_jingli` WHERE `id` = 1 LIMIT 1   [ RunTime:0.0033s ]
SQL: SHOW COLUMNS FROM `blog_site` [ RunTime:0.0034s ]
SQL: UPDATE `blog_site` SET `title`='里程密开源博客系统',`name`='里程密',`set_content`='阿萨德阿萨德1',`admin_email`='731371050@qq.com',`keywords`='里程密|ThinkPHP开源博客系统456',`description`='&lt;script type=&quot;text/javascript&quot;&gt;var cnzz_protocol = ((&quot;https:&quot; == document.location.protocol) ? &quot; https://&quot; : &quot; http://&quot;);document.write(unescape(&quot;%3Cspan id=\'cnzz_stat_icon_1256104530\'%3E%3C/span%3E%3Cscript src=\'&quot; + cnzz_protocol + &quot;s11.cnzz.com/stat.php%3Fid%3D1256104530\' type=\'text/javascript\'%3E%3C/script%3E&quot;));&lt;/script&gt;',`statistics`='<script type=\"text/javascript\">var cnzz_protocol = ((\"https:\" == document.location.protocol) ? \" https://\" : \" http://\");document.write(unescape(\"%3Cspan id=\'cnzz_stat_icon_1256104530\'%3E%3C/span%3E%3Cscript src=\'\" + cnzz_protocol + \"s11.cnzz.com/stat.php%3Fid%3D1256104530\' type=\'text/javascript\'%3E%3C/script%3E\"));</script>',`userStatus`='0',`articleSatus`='1' WHERE ( id = 1 ) [ RunTime:0.0004s ]
INFO: [ view_parse ] --START--
INFO: [ template_filter ] --START--
INFO: Run Behavior\ContentReplaceBehavior [ RunTime:0.000074s ]
INFO: [ template_filter ] --END-- [ RunTime:0.000209s ]
INFO: Run Behavior\ParseTemplateBehavior [ RunTime:0.008316s ]
INFO: [ view_parse ] --END-- [ RunTime:0.008453s ]
INFO: [ view_filter ] --START--
INFO: Run Behavior\WriteHtmlCacheBehavior [ RunTime:0.000508s ]
INFO: [ view_filter ] --END-- [ RunTime:0.000630s ]
INFO: [ app_end ] --START--
INFO: Run Behavior\ShowPageTraceBehavior [ RunTime:0.001036s ]
INFO: [ app_end ] --END-- [ RunTime:0.001215s ]

[ 2016-02-05T21:25:12+08:00 ] 127.0.0.1 /lichengmi/index.php/Admin/Site/index
INFO: [ app_init ] --START--
INFO: Run Behavior\BuildLiteBehavior [ RunTime:0.000030s ]
INFO: [ app_init ] --END-- [ RunTime:0.000543s ]
INFO: [ app_begin ] --START--
INFO: Run Behavior\ReadHtmlCacheBehavior [ RunTime:0.000881s ]
INFO: [ app_begin ] --END-- [ RunTime:0.001061s ]
SQL: SHOW COLUMNS FROM `blog_jingli` [ RunTime:0.0031s ]
SQL: SELECT * FROM `blog_jingli` WHERE `id` = 1 LIMIT 1   [ RunTime:0.0040s ]
SQL: SHOW COLUMNS FROM `blog_site` [ RunTime:0.0030s ]
SQL: SELECT * FROM `blog_site` WHERE `id` = 1 LIMIT 1   [ RunTime:0.0003s ]
INFO: [ view_parse ] --START--
INFO: [ template_filter ] --START--
INFO: Run Behavior\ContentReplaceBehavior [ RunTime:0.000283s ]
INFO: [ template_filter ] --END-- [ RunTime:0.000469s ]
INFO: Run Behavior\ParseTemplateBehavior [ RunTime:0.016380s ]
INFO: [ view_parse ] --END-- [ RunTime:0.016639s ]
INFO: [ view_filter ] --START--
INFO: Run Behavior\WriteHtmlCacheBehavior [ RunTime:0.000941s ]
INFO: [ view_filter ] --END-- [ RunTime:0.001179s ]
INFO: [ app_end ] --START--
INFO: Run Behavior\ShowPageTraceBehavior [ RunTime:0.001091s ]
INFO: [ app_end ] --END-- [ RunTime:0.001257s ]

[ 2016-02-05T21:26:57+08:00 ] 127.0.0.1 /lichengmi/index.php/Admin/Adminer/index
INFO: [ app_init ] --START--
INFO: Run Behavior\BuildLiteBehavior [ RunTime:0.000031s ]
INFO: [ app_init ] --END-- [ RunTime:0.000766s ]
INFO: [ app_begin ] --START--
INFO: Run Behavior\ReadHtmlCacheBehavior [ RunTime:0.002212s ]
INFO: [ app_begin ] --END-- [ RunTime:0.002406s ]
SQL: SHOW COLUMNS FROM `blog_jingli` [ RunTime:0.0043s ]
SQL: SELECT * FROM `blog_jingli` WHERE `id` = 1 LIMIT 1   [ RunTime:0.0015s ]
SQL: SELECT * FROM `blog_jingli` WHERE `id` = 1 LIMIT 1   [ RunTime:0.0006s ]
INFO: [ view_parse ] --START--
INFO: [ template_filter ] --START--
INFO: Run Behavior\ContentReplaceBehavior [ RunTime:0.000164s ]
INFO: [ template_filter ] --END-- [ RunTime:0.000300s ]
INFO: Run Behavior\ParseTemplateBehavior [ RunTime:0.011971s ]
INFO: [ view_parse ] --END-- [ RunTime:0.012101s ]
INFO: [ view_filter ] --START--
INFO: Run Behavior\WriteHtmlCacheBehavior [ RunTime:0.000551s ]
INFO: [ view_filter ] --END-- [ RunTime:0.000692s ]
INFO: [ app_end ] --START--
INFO: Run Behavior\ShowPageTraceBehavior [ RunTime:0.000701s ]
INFO: [ app_end ] --END-- [ RunTime:0.000819s ]

[ 2016-02-05T21:27:33+08:00 ] 127.0.0.1 /lichengmi/index.php/Admin/Maintain/index
INFO: [ app_init ] --START--
INFO: Run Behavior\BuildLiteBehavior [ RunTime:0.000038s ]
INFO: [ app_init ] --END-- [ RunTime:0.000586s ]
INFO: [ app_begin ] --START--
INFO: Run Behavior\ReadHtmlCacheBehavior [ RunTime:0.000717s ]
INFO: [ app_begin ] --END-- [ RunTime:0.000853s ]
SQL: SHOW COLUMNS FROM `blog_jingli` [ RunTime:0.0022s ]
SQL: SELECT * FROM `blog_jingli` WHERE `id` = 1 LIMIT 1   [ RunTime:0.0003s ]
INFO: [ view_parse ] --START--
INFO: [ template_filter ] --START--
INFO: Run Behavior\ContentReplaceBehavior [ RunTime:0.000169s ]
INFO: [ template_filter ] --END-- [ RunTime:0.000312s ]
INFO: Run Behavior\ParseTemplateBehavior [ RunTime:0.013067s ]
INFO: [ view_parse ] --END-- [ RunTime:0.013190s ]
INFO: [ view_filter ] --START--
INFO: Run Behavior\WriteHtmlCacheBehavior [ RunTime:0.000931s ]
INFO: [ view_filter ] --END-- [ RunTime:0.001115s ]
INFO: [ app_end ] --START--
INFO: Run Behavior\ShowPageTraceBehavior [ RunTime:0.010919s ]
INFO: [ app_end ] --END-- [ RunTime:0.011080s ]

[ 2016-02-05T21:28:00+08:00 ] 127.0.0.1 /lichengmi/index.php/Admin/Article/index
INFO: [ app_init ] --START--
INFO: Run Behavior\BuildLiteBehavior [ RunTime:0.000045s ]
INFO: [ app_init ] --END-- [ RunTime:0.000719s ]
INFO: [ app_begin ] --START--
INFO: Run Behavior\ReadHtmlCacheBehavior [ RunTime:0.001667s ]
INFO: [ app_begin ] --END-- [ RunTime:0.001828s ]
SQL: SHOW COLUMNS FROM `blog_jingli` [ RunTime:0.0028s ]
SQL: SELECT * FROM `blog_jingli` WHERE `id` = 1 LIMIT 1   [ RunTime:0.0003s ]
SQL: SHOW COLUMNS FROM `blog_article` [ RunTime:0.0040s ]
SQL: SELECT COUNT(*) AS tp_count FROM `blog_article` WHERE ( status = 0 ) LIMIT 1   [ RunTime:0.0004s ]
SQL: SELECT * FROM `blog_article` WHERE ( status = 0 ) ORDER BY id desc LIMIT 0,10   [ RunTime:0.0058s ]
INFO: [ view_parse ] --START--
INFO: [ template_filter ] --START--
INFO: Run Behavior\ContentReplaceBehavior [ RunTime:0.000177s ]
INFO: [ template_filter ] --END-- [ RunTime:0.000333s ]
INFO: Run Behavior\ParseTemplateBehavior [ RunTime:0.019640s ]
INFO: [ view_parse ] --END-- [ RunTime:0.019842s ]
INFO: [ view_filter ] --START--
INFO: Run Behavior\WriteHtmlCacheBehavior [ RunTime:0.000439s ]
INFO: [ view_filter ] --END-- [ RunTime:0.000566s ]
INFO: [ app_end ] --START--
INFO: Run Behavior\ShowPageTraceBehavior [ RunTime:0.000702s ]
INFO: [ app_end ] --END-- [ RunTime:0.000815s ]

[ 2016-02-05T21:28:10+08:00 ] 127.0.0.1 /lichengmi/index.php/Admin/Article/delete/id/18
INFO: [ app_init ] --START--
INFO: Run Behavior\BuildLiteBehavior [ RunTime:0.000047s ]
INFO: [ app_init ] --END-- [ RunTime:0.000610s ]
INFO: [ app_begin ] --START--
INFO: Run Behavior\ReadHtmlCacheBehavior [ RunTime:0.001315s ]
INFO: [ app_begin ] --END-- [ RunTime:0.001603s ]
SQL: SHOW COLUMNS FROM `blog_jingli` [ RunTime:0.0033s ]
SQL: SELECT * FROM `blog_jingli` WHERE `id` = 1 LIMIT 1   [ RunTime:0.0005s ]
SQL: SHOW COLUMNS FROM `blog_article` [ RunTime:0.0036s ]
SQL: UPDATE `blog_article` SET `status`='1' WHERE ( id = 18 ) [ RunTime:0.0005s ]
INFO: [ view_parse ] --START--
INFO: [ template_filter ] --START--
INFO: Run Behavior\ContentReplaceBehavior [ RunTime:0.000123s ]
INFO: [ template_filter ] --END-- [ RunTime:0.000353s ]
INFO: Run Behavior\ParseTemplateBehavior [ RunTime:0.013814s ]
INFO: [ view_parse ] --END-- [ RunTime:0.014050s ]
INFO: [ view_filter ] --START--
INFO: Run Behavior\WriteHtmlCacheBehavior [ RunTime:0.000703s ]
INFO: [ view_filter ] --END-- [ RunTime:0.000905s ]
INFO: [ app_end ] --START--
INFO: Run Behavior\ShowPageTraceBehavior [ RunTime:0.001051s ]
INFO: [ app_end ] --END-- [ RunTime:0.001311s ]

[ 2016-02-05T21:28:11+08:00 ] 127.0.0.1 /lichengmi/index.php/Admin/Article/index
INFO: [ app_init ] --START--
INFO: Run Behavior\BuildLiteBehavior [ RunTime:0.000038s ]
INFO: [ app_init ] --END-- [ RunTime:0.000635s ]
INFO: [ app_begin ] --START--
INFO: Run Behavior\ReadHtmlCacheBehavior [ RunTime:0.001180s ]
INFO: [ app_begin ] --END-- [ RunTime:0.001489s ]
SQL: SHOW COLUMNS FROM `blog_jingli` [ RunTime:0.0027s ]
SQL: SELECT * FROM `blog_jingli` WHERE `id` = 1 LIMIT 1   [ RunTime:0.0003s ]
SQL: SHOW COLUMNS FROM `blog_article` [ RunTime:0.0027s ]
SQL: SELECT COUNT(*) AS tp_count FROM `blog_article` WHERE ( status = 0 ) LIMIT 1   [ RunTime:0.0003s ]
SQL: SELECT * FROM `blog_article` WHERE ( status = 0 ) ORDER BY id desc LIMIT 0,10   [ RunTime:0.0014s ]
INFO: [ view_parse ] --START--
INFO: [ template_filter ] --START--
INFO: Run Behavior\ContentReplaceBehavior [ RunTime:0.000173s ]
INFO: [ template_filter ] --END-- [ RunTime:0.000319s ]
INFO: Run Behavior\ParseTemplateBehavior [ RunTime:0.033669s ]
INFO: [ view_parse ] --END-- [ RunTime:0.033870s ]
INFO: [ view_filter ] --START--
INFO: Run Behavior\WriteHtmlCacheBehavior [ RunTime:0.000404s ]
INFO: [ view_filter ] --END-- [ RunTime:0.000523s ]
INFO: [ app_end ] --START--
INFO: Run Behavior\ShowPageTraceBehavior [ RunTime:0.000655s ]
INFO: [ app_end ] --END-- [ RunTime:0.000770s ]

[ 2016-02-05T21:28:14+08:00 ] 127.0.0.1 /lichengmi/index.php/Admin/Article/recovery
INFO: [ app_init ] --START--
INFO: Run Behavior\BuildLiteBehavior [ RunTime:0.000028s ]
INFO: [ app_init ] --END-- [ RunTime:0.000553s ]
INFO: [ app_begin ] --START--
INFO: Run Behavior\ReadHtmlCacheBehavior [ RunTime:0.000970s ]
INFO: [ app_begin ] --END-- [ RunTime:0.001182s ]
SQL: SHOW COLUMNS FROM `blog_jingli` [ RunTime:0.0032s ]
SQL: SELECT * FROM `blog_jingli` WHERE `id` = 1 LIMIT 1   [ RunTime:0.0005s ]
SQL: SHOW COLUMNS FROM `blog_article` [ RunTime:0.0032s ]
SQL: SELECT COUNT(*) AS tp_count FROM `blog_article` WHERE ( status = 1 ) LIMIT 1   [ RunTime:0.0004s ]
SQL: SELECT * FROM `blog_article` WHERE ( status = 1 ) ORDER BY id desc LIMIT 0,10   [ RunTime:0.0006s ]
INFO: [ view_parse ] --START--
INFO: [ template_filter ] --START--
INFO: Run Behavior\ContentReplaceBehavior [ RunTime:0.000274s ]
INFO: [ template_filter ] --END-- [ RunTime:0.000542s ]
INFO: Run Behavior\ParseTemplateBehavior [ RunTime:0.031798s ]
INFO: [ view_parse ] --END-- [ RunTime:0.031956s ]
INFO: [ view_filter ] --START--
INFO: Run Behavior\WriteHtmlCacheBehavior [ RunTime:0.000528s ]
INFO: [ view_filter ] --END-- [ RunTime:0.000654s ]
INFO: [ app_end ] --START--
INFO: Run Behavior\ShowPageTraceBehavior [ RunTime:0.000743s ]
INFO: [ app_end ] --END-- [ RunTime:0.000876s ]

[ 2016-02-05T21:28:21+08:00 ] 127.0.0.1 /lichengmi/index.php/Admin/Article/reallydelete/id/18
INFO: [ app_init ] --START--
INFO: Run Behavior\BuildLiteBehavior [ RunTime:0.000030s ]
INFO: [ app_init ] --END-- [ RunTime:0.000586s ]
INFO: [ app_begin ] --START--
INFO: Run Behavior\ReadHtmlCacheBehavior [ RunTime:0.000815s ]
INFO: [ app_begin ] --END-- [ RunTime:0.000981s ]
SQL: SHOW COLUMNS FROM `blog_jingli` [ RunTime:0.0039s ]
SQL: SELECT * FROM `blog_jingli` WHERE `id` = 1 LIMIT 1   [ RunTime:0.0004s ]
SQL: SHOW COLUMNS FROM `blog_article` [ RunTime:0.0051s ]
SQL: DELETE FROM `blog_article` WHERE ( id = 18 ) [ RunTime:0.0003s ]
INFO: [ view_parse ] --START--
INFO: [ template_filter ] --START--
INFO: Run Behavior\ContentReplaceBehavior [ RunTime:0.000135s ]
INFO: [ template_filter ] --END-- [ RunTime:0.000407s ]
INFO: Run Behavior\ParseTemplateBehavior [ RunTime:0.014940s ]
INFO: [ view_parse ] --END-- [ RunTime:0.015183s ]
INFO: [ view_filter ] --START--
INFO: Run Behavior\WriteHtmlCacheBehavior [ RunTime:0.000660s ]
INFO: [ view_filter ] --END-- [ RunTime:0.000871s ]
INFO: [ app_end ] --START--
INFO: Run Behavior\ShowPageTraceBehavior [ RunTime:0.001131s ]
INFO: [ app_end ] --END-- [ RunTime:0.001332s ]

[ 2016-02-05T21:28:22+08:00 ] 127.0.0.1 /lichengmi/index.php/Admin/Article/recovery
INFO: [ app_init ] --START--
INFO: Run Behavior\BuildLiteBehavior [ RunTime:0.000049s ]
INFO: [ app_init ] --END-- [ RunTime:0.000764s ]
INFO: [ app_begin ] --START--
INFO: Run Behavior\ReadHtmlCacheBehavior [ RunTime:0.000675s ]
INFO: [ app_begin ] --END-- [ RunTime:0.000815s ]
SQL: SHOW COLUMNS FROM `blog_jingli` [ RunTime:0.0061s ]
SQL: SELECT * FROM `blog_jingli` WHERE `id` = 1 LIMIT 1   [ RunTime:0.0003s ]
SQL: SHOW COLUMNS FROM `blog_article` [ RunTime:0.0025s ]
SQL: SELECT COUNT(*) AS tp_count FROM `blog_article` WHERE ( status = 1 ) LIMIT 1   [ RunTime:0.0003s ]
SQL: SELECT * FROM `blog_article` WHERE ( status = 1 ) ORDER BY id desc LIMIT 0,10   [ RunTime:0.0004s ]
INFO: [ view_parse ] --START--
INFO: [ template_filter ] --START--
INFO: Run Behavior\ContentReplaceBehavior [ RunTime:0.000174s ]
INFO: [ template_filter ] --END-- [ RunTime:0.000326s ]
INFO: Run Behavior\ParseTemplateBehavior [ RunTime:0.030728s ]
INFO: [ view_parse ] --END-- [ RunTime:0.030865s ]
INFO: [ view_filter ] --START--
INFO: Run Behavior\WriteHtmlCacheBehavior [ RunTime:0.000546s ]
INFO: [ view_filter ] --END-- [ RunTime:0.000667s ]
INFO: [ app_end ] --START--
INFO: Run Behavior\ShowPageTraceBehavior [ RunTime:0.000676s ]
INFO: [ app_end ] --END-- [ RunTime:0.000796s ]

[ 2016-02-05T21:28:28+08:00 ] 127.0.0.1 /lichengmi/index.php/Admin/User/recovery
INFO: [ app_init ] --START--
INFO: Run Behavior\BuildLiteBehavior [ RunTime:0.000049s ]
INFO: [ app_init ] --END-- [ RunTime:0.000907s ]
INFO: [ app_begin ] --START--
INFO: Run Behavior\ReadHtmlCacheBehavior [ RunTime:0.000769s ]
INFO: [ app_begin ] --END-- [ RunTime:0.000913s ]
SQL: SHOW COLUMNS FROM `blog_jingli` [ RunTime:0.0035s ]
SQL: SELECT * FROM `blog_jingli` WHERE `id` = 1 LIMIT 1   [ RunTime:0.0002s ]
SQL: SHOW COLUMNS FROM `blog_user` [ RunTime:0.0022s ]
SQL: SELECT COUNT(*) AS tp_count FROM `blog_user` WHERE ( status = 1 ) LIMIT 1   [ RunTime:0.0003s ]
SQL: SELECT * FROM `blog_user` WHERE ( status = 1 ) ORDER BY id desc LIMIT 0,10   [ RunTime:0.0006s ]
INFO: [ view_parse ] --START--
INFO: [ template_filter ] --START--
INFO: Run Behavior\ContentReplaceBehavior [ RunTime:0.000283s ]
INFO: [ template_filter ] --END-- [ RunTime:0.000487s ]
INFO: Run Behavior\ParseTemplateBehavior [ RunTime:0.028958s ]
INFO: [ view_parse ] --END-- [ RunTime:0.029177s ]
INFO: [ view_filter ] --START--
INFO: Run Behavior\WriteHtmlCacheBehavior [ RunTime:0.000542s ]
INFO: [ view_filter ] --END-- [ RunTime:0.000726s ]
INFO: [ app_end ] --START--
INFO: Run Behavior\ShowPageTraceBehavior [ RunTime:0.001271s ]
INFO: [ app_end ] --END-- [ RunTime:0.001567s ]

[ 2016-02-05T21:28:31+08:00 ] 127.0.0.1 /lichengmi/index.php/Admin/User/index
INFO: [ app_init ] --START--
INFO: Run Behavior\BuildLiteBehavior [ RunTime:0.000029s ]
INFO: [ app_init ] --END-- [ RunTime:0.000490s ]
INFO: [ app_begin ] --START--
INFO: Run Behavior\ReadHtmlCacheBehavior [ RunTime:0.000717s ]
INFO: [ app_begin ] --END-- [ RunTime:0.000853s ]
SQL: SHOW COLUMNS FROM `blog_jingli` [ RunTime:0.0035s ]
SQL: SELECT * FROM `blog_jingli` WHERE `id` = 1 LIMIT 1   [ RunTime:0.0004s ]
SQL: SHOW COLUMNS FROM `blog_user` [ RunTime:0.0027s ]
SQL: SELECT COUNT(*) AS tp_count FROM `blog_user` WHERE ( status = 0 ) LIMIT 1   [ RunTime:0.0004s ]
SQL: SELECT * FROM `blog_user` WHERE ( status = 0 ) ORDER BY id desc LIMIT 0,10   [ RunTime:0.0005s ]
INFO: [ view_parse ] --START--
INFO: [ template_filter ] --START--
INFO: Run Behavior\ContentReplaceBehavior [ RunTime:0.000181s ]
INFO: [ template_filter ] --END-- [ RunTime:0.000336s ]
INFO: Run Behavior\ParseTemplateBehavior [ RunTime:0.028643s ]
INFO: [ view_parse ] --END-- [ RunTime:0.028799s ]
INFO: [ view_filter ] --START--
INFO: Run Behavior\WriteHtmlCacheBehavior [ RunTime:0.000506s ]
INFO: [ view_filter ] --END-- [ RunTime:0.000627s ]
INFO: [ app_end ] --START--
INFO: Run Behavior\ShowPageTraceBehavior [ RunTime:0.000745s ]
INFO: [ app_end ] --END-- [ RunTime:0.000878s ]

[ 2016-02-05T21:28:41+08:00 ] 127.0.0.1 /lichengmi/index.php/Admin/Maintain/dataBackups
INFO: [ app_init ] --START--
INFO: Run Behavior\BuildLiteBehavior [ RunTime:0.000037s ]
INFO: [ app_init ] --END-- [ RunTime:0.000566s ]
INFO: [ app_begin ] --START--
INFO: Run Behavior\ReadHtmlCacheBehavior [ RunTime:0.001122s ]
INFO: [ app_begin ] --END-- [ RunTime:0.001304s ]
SQL: SHOW COLUMNS FROM `blog_jingli` [ RunTime:0.0060s ]
SQL: SELECT * FROM `blog_jingli` WHERE `id` = 1 LIMIT 1   [ RunTime:0.0004s ]
INFO: [ view_parse ] --START--
INFO: [ template_filter ] --START--
INFO: Run Behavior\ContentReplaceBehavior [ RunTime:0.000383s ]
INFO: [ template_filter ] --END-- [ RunTime:0.000746s ]
INFO: Run Behavior\ParseTemplateBehavior [ RunTime:0.021272s ]
INFO: [ view_parse ] --END-- [ RunTime:0.021485s ]
INFO: [ view_filter ] --START--
INFO: Run Behavior\WriteHtmlCacheBehavior [ RunTime:0.000893s ]
INFO: [ view_filter ] --END-- [ RunTime:0.001118s ]
INFO: [ app_end ] --START--
INFO: Run Behavior\ShowPageTraceBehavior [ RunTime:0.000810s ]
INFO: [ app_end ] --END-- [ RunTime:0.001015s ]

[ 2016-02-05T21:28:56+08:00 ] 127.0.0.1 /lichengmi/index.php/Admin/Maintain/doBackups
INFO: [ app_init ] --START--
INFO: Run Behavior\BuildLiteBehavior [ RunTime:0.000030s ]
INFO: [ app_init ] --END-- [ RunTime:0.000529s ]
INFO: [ app_begin ] --START--
INFO: Run Behavior\ReadHtmlCacheBehavior [ RunTime:0.000888s ]
INFO: [ app_begin ] --END-- [ RunTime:0.001080s ]
SQL: SHOW COLUMNS FROM `blog_jingli` [ RunTime:0.0066s ]
SQL: SELECT * FROM `blog_jingli` WHERE `id` = 1 LIMIT 1   [ RunTime:0.0003s ]
NOTIC: [2] file_put_contents(./Database/撒(1454678936).sql) [<a href='function.file-put-contents'>function.file-put-contents</a>]: failed to open stream: Invalid argument E:\wamp\wamp\www\lichengmi\Application\Admin\Controller\MaintainController.class.php 第 60 行.
INFO: [ view_parse ] --START--
INFO: [ template_filter ] --START--
INFO: Run Behavior\ContentReplaceBehavior [ RunTime:0.000171s ]
INFO: [ template_filter ] --END-- [ RunTime:0.000458s ]
INFO: Run Behavior\ParseTemplateBehavior [ RunTime:0.024555s ]
INFO: [ view_parse ] --END-- [ RunTime:0.024702s ]
INFO: [ view_filter ] --START--
INFO: Run Behavior\WriteHtmlCacheBehavior [ RunTime:0.000450s ]
INFO: [ view_filter ] --END-- [ RunTime:0.000595s ]

[ 2016-02-05T21:29:01+08:00 ] 127.0.0.1 /lichengmi/index.php/Admin/Maintain/doBackups
INFO: [ app_init ] --START--
INFO: Run Behavior\BuildLiteBehavior [ RunTime:0.000057s ]
INFO: [ app_init ] --END-- [ RunTime:0.000915s ]
INFO: [ app_begin ] --START--
INFO: Run Behavior\ReadHtmlCacheBehavior [ RunTime:0.001005s ]
INFO: [ app_begin ] --END-- [ RunTime:0.001301s ]
SQL: SHOW COLUMNS FROM `blog_jingli` [ RunTime:0.0025s ]
SQL: SELECT * FROM `blog_jingli` WHERE `id` = 1 LIMIT 1   [ RunTime:0.0004s ]
INFO: [ view_parse ] --START--
INFO: [ template_filter ] --START--
INFO: Run Behavior\ContentReplaceBehavior [ RunTime:0.000154s ]
INFO: [ template_filter ] --END-- [ RunTime:0.000457s ]
INFO: Run Behavior\ParseTemplateBehavior [ RunTime:0.012151s ]
INFO: [ view_parse ] --END-- [ RunTime:0.012420s ]
INFO: [ view_filter ] --START--
INFO: Run Behavior\WriteHtmlCacheBehavior [ RunTime:0.000931s ]
INFO: [ view_filter ] --END-- [ RunTime:0.001219s ]
INFO: [ app_end ] --START--
INFO: Run Behavior\ShowPageTraceBehavior [ RunTime:0.001116s ]
INFO: [ app_end ] --END-- [ RunTime:0.001339s ]

[ 2016-02-05T21:29:02+08:00 ] 127.0.0.1 /lichengmi/index.php/Admin/Maintain/dataBackups
INFO: [ app_init ] --START--
INFO: Run Behavior\BuildLiteBehavior [ RunTime:0.000059s ]
INFO: [ app_init ] --END-- [ RunTime:0.001023s ]
INFO: [ app_begin ] --START--
INFO: Run Behavior\ReadHtmlCacheBehavior [ RunTime:0.001423s ]
INFO: [ app_begin ] --END-- [ RunTime:0.001721s ]
SQL: SHOW COLUMNS FROM `blog_jingli` [ RunTime:0.0023s ]
SQL: SELECT * FROM `blog_jingli` WHERE `id` = 1 LIMIT 1   [ RunTime:0.0002s ]
INFO: [ view_parse ] --START--
INFO: [ template_filter ] --START--
INFO: Run Behavior\ContentReplaceBehavior [ RunTime:0.000409s ]
INFO: [ template_filter ] --END-- [ RunTime:0.000722s ]
INFO: Run Behavior\ParseTemplateBehavior [ RunTime:0.032224s ]
INFO: [ view_parse ] --END-- [ RunTime:0.032363s ]
INFO: [ view_filter ] --START--
INFO: Run Behavior\WriteHtmlCacheBehavior [ RunTime:0.000399s ]
INFO: [ view_filter ] --END-- [ RunTime:0.000528s ]
INFO: [ app_end ] --START--
INFO: Run Behavior\ShowPageTraceBehavior [ RunTime:0.000677s ]
INFO: [ app_end ] --END-- [ RunTime:0.000794s ]

[ 2016-02-05T21:30:39+08:00 ] 127.0.0.1 /lichengmi/index.php/Admin/friendlink/index
INFO: [ app_init ] --START--
INFO: Run Behavior\BuildLiteBehavior [ RunTime:0.000028s ]
INFO: [ app_init ] --END-- [ RunTime:0.000495s ]
INFO: [ app_begin ] --START--
INFO: Run Behavior\ReadHtmlCacheBehavior [ RunTime:0.001317s ]
INFO: [ app_begin ] --END-- [ RunTime:0.001618s ]
SQL: SHOW COLUMNS FROM `blog_jingli` [ RunTime:0.0023s ]
SQL: SELECT * FROM `blog_jingli` WHERE `id` = 1 LIMIT 1   [ RunTime:0.0002s ]
SQL: SHOW COLUMNS FROM `blog_friendlink` [ RunTime:0.0068s ]
SQL: SELECT COUNT(*) AS tp_count FROM `blog_friendlink` LIMIT 1   [ RunTime:0.0002s ]
SQL: SELECT * FROM `blog_friendlink` ORDER BY id desc LIMIT 0,10   [ RunTime:0.0042s ]
INFO: [ view_parse ] --START--
INFO: [ template_filter ] --START--
INFO: Run Behavior\ContentReplaceBehavior [ RunTime:0.000169s ]
INFO: [ template_filter ] --END-- [ RunTime:0.000318s ]
INFO: Run Behavior\ParseTemplateBehavior [ RunTime:0.020118s ]
INFO: [ view_parse ] --END-- [ RunTime:0.020369s ]
INFO: [ view_filter ] --START--
INFO: Run Behavior\WriteHtmlCacheBehavior [ RunTime:0.000497s ]
INFO: [ view_filter ] --END-- [ RunTime:0.000623s ]
INFO: [ app_end ] --START--
INFO: Run Behavior\ShowPageTraceBehavior [ RunTime:0.000752s ]
INFO: [ app_end ] --END-- [ RunTime:0.000908s ]

[ 2016-02-05T21:30:42+08:00 ] 127.0.0.1 /lichengmi/index.php/Admin/friendlink/add
INFO: [ app_init ] --START--
INFO: Run Behavior\BuildLiteBehavior [ RunTime:0.000028s ]
INFO: [ app_init ] --END-- [ RunTime:0.000483s ]
INFO: [ app_begin ] --START--
INFO: Run Behavior\ReadHtmlCacheBehavior [ RunTime:0.001209s ]
INFO: [ app_begin ] --END-- [ RunTime:0.001455s ]
SQL: SHOW COLUMNS FROM `blog_jingli` [ RunTime:0.0079s ]
SQL: SELECT * FROM `blog_jingli` WHERE `id` = 1 LIMIT 1   [ RunTime:0.0003s ]
INFO: [ view_parse ] --START--
INFO: [ template_filter ] --START--
INFO: Run Behavior\ContentReplaceBehavior [ RunTime:0.000159s ]
INFO: [ template_filter ] --END-- [ RunTime:0.000299s ]
NOTIC: [8] Undefined index: id E:\wamp\wamp\www\lichengmi\Application\Runtime\Cache\Admin\33ffd85dc655a9256e2cc845acd93cb3.php 第 169 行.
NOTIC: [8] Undefined index: id E:\wamp\wamp\www\lichengmi\Application\Runtime\Cache\Admin\33ffd85dc655a9256e2cc845acd93cb3.php 第 175 行.
NOTIC: [8] Undefined index: id E:\wamp\wamp\www\lichengmi\Application\Runtime\Cache\Admin\33ffd85dc655a9256e2cc845acd93cb3.php 第 180 行.
NOTIC: [8] Undefined index: id E:\wamp\wamp\www\lichengmi\Application\Runtime\Cache\Admin\33ffd85dc655a9256e2cc845acd93cb3.php 第 184 行.
INFO: Run Behavior\ParseTemplateBehavior [ RunTime:0.019173s ]
INFO: [ view_parse ] --END-- [ RunTime:0.019345s ]
INFO: [ view_filter ] --START--
INFO: Run Behavior\WriteHtmlCacheBehavior [ RunTime:0.000800s ]
INFO: [ view_filter ] --END-- [ RunTime:0.001000s ]
INFO: [ app_end ] --START--
INFO: Run Behavior\ShowPageTraceBehavior [ RunTime:0.006681s ]
INFO: [ app_end ] --END-- [ RunTime:0.006923s ]

[ 2016-02-05T21:30:45+08:00 ] 127.0.0.1 /lichengmi/index.php/Admin/friendlink/index
INFO: [ app_init ] --START--
INFO: Run Behavior\BuildLiteBehavior [ RunTime:0.000051s ]
INFO: [ app_init ] --END-- [ RunTime:0.000997s ]
INFO: [ app_begin ] --START--
INFO: Run Behavior\ReadHtmlCacheBehavior [ RunTime:0.001008s ]
INFO: [ app_begin ] --END-- [ RunTime:0.001235s ]
SQL: SHOW COLUMNS FROM `blog_jingli` [ RunTime:0.0025s ]
SQL: SELECT * FROM `blog_jingli` WHERE `id` = 1 LIMIT 1   [ RunTime:0.0007s ]
SQL: SHOW COLUMNS FROM `blog_friendlink` [ RunTime:0.0033s ]
SQL: SELECT COUNT(*) AS tp_count FROM `blog_friendlink` LIMIT 1   [ RunTime:0.0031s ]
SQL: SELECT * FROM `blog_friendlink` ORDER BY id desc LIMIT 0,10   [ RunTime:0.0004s ]
INFO: [ view_parse ] --START--
INFO: [ template_filter ] --START--
INFO: Run Behavior\ContentReplaceBehavior [ RunTime:0.000170s ]
INFO: [ template_filter ] --END-- [ RunTime:0.000317s ]
INFO: Run Behavior\ParseTemplateBehavior [ RunTime:0.018136s ]
INFO: [ view_parse ] --END-- [ RunTime:0.018296s ]
INFO: [ view_filter ] --START--
INFO: Run Behavior\WriteHtmlCacheBehavior [ RunTime:0.000552s ]
INFO: [ view_filter ] --END-- [ RunTime:0.000676s ]
INFO: [ app_end ] --START--
INFO: Run Behavior\ShowPageTraceBehavior [ RunTime:0.000692s ]
INFO: [ app_end ] --END-- [ RunTime:0.000811s ]

